TN:
SF:src\lib\court-cases-api.controller.ts
FN:11,(anonymous_0)
FN:18,(anonymous_1)
FN:27,(anonymous_2)
FN:36,(anonymous_3)
FN:44,(anonymous_4)
FN:52,(anonymous_5)
FN:60,(anonymous_6)
FN:68,(anonymous_7)
FNF:8
FNH:8
FNDA:14,(anonymous_0)
FNDA:2,(anonymous_1)
FNDA:1,(anonymous_2)
FNDA:2,(anonymous_3)
FNDA:2,(anonymous_4)
FNDA:2,(anonymous_5)
FNDA:2,(anonymous_6)
FNDA:2,(anonymous_7)
DA:1,1
DA:2,1
DA:3,1
DA:4,1
DA:5,1
DA:10,1
DA:11,14
DA:18,1
DA:20,2
DA:27,1
DA:28,1
DA:36,1
DA:37,2
DA:44,1
DA:45,2
DA:52,1
DA:53,2
DA:60,1
DA:61,2
DA:68,1
DA:69,2
LF:21
LH:21
BRF:0
BRH:0
end_of_record
