TN:
SF:src\lib\court-case-repository.ts
FN:8,(anonymous_0)
FN:11,(anonymous_1)
FN:46,(anonymous_3)
FN:79,(anonymous_5)
FN:97,(anonymous_7)
FN:114,(anonymous_9)
FN:132,(anonymous_11)
FNF:7
FNH:7
FNDA:8,(anonymous_0)
FNDA:1,(anonymous_1)
FNDA:1,(anonymous_3)
FNDA:1,(anonymous_5)
FNDA:1,(anonymous_7)
FNDA:1,(anonymous_9)
FNDA:1,(anonymous_11)
DA:1,1
DA:2,1
DA:6,1
DA:8,8
DA:12,1
DA:13,1
DA:14,1
DA:16,1
DA:39,1
DA:40,1
DA:42,0
DA:47,1
DA:48,1
DA:50,1
DA:72,1
DA:73,1
DA:75,0
DA:80,1
DA:81,1
DA:83,1
DA:90,1
DA:91,1
DA:93,0
DA:98,1
DA:99,1
DA:101,1
DA:107,1
DA:108,1
DA:110,0
DA:115,1
DA:116,1
DA:118,1
DA:125,1
DA:126,1
DA:128,0
DA:133,1
DA:134,1
DA:136,1
DA:143,1
DA:144,1
DA:146,0
LF:41
LH:35
BRF:0
BRH:0
end_of_record
