TN:
SF:src\lib\authentication-service.service.ts
FN:10,(anonymous_0)
FN:14,(anonymous_1)
FN:18,(anonymous_3)
FN:57,(anonymous_5)
FN:69,(anonymous_7)
FN:81,(anonymous_9)
FN:93,(anonymous_11)
FN:97,(anonymous_13)
FNF:8
FNH:6
FNDA:7,(anonymous_0)
FNDA:1,(anonymous_1)
FNDA:1,(anonymous_3)
FNDA:0,(anonymous_5)
FNDA:1,(anonymous_7)
FNDA:1,(anonymous_9)
FNDA:1,(anonymous_11)
FNDA:0,(anonymous_13)
DA:2,1
DA:3,1
DA:4,1
DA:5,1
DA:6,1
DA:9,1
DA:11,7
DA:12,7
DA:15,1
DA:20,1
DA:21,1
DA:22,1
DA:23,0
DA:29,1
DA:30,1
DA:31,1
DA:32,1
DA:33,1
DA:34,0
DA:35,0
DA:39,0
DA:43,0
DA:44,0
DA:51,1
DA:59,0
DA:61,0
DA:62,0
DA:65,0
DA:71,1
DA:73,1
DA:74,1
DA:77,0
DA:83,1
DA:85,1
DA:86,1
DA:89,0
DA:94,1
DA:98,0
DA:100,0
DA:101,0
DA:106,0
DA:107,0
DA:112,0
DA:113,0
DA:118,0
LF:45
LH:25
BRDA:22,0,0,0
BRDA:22,1,0,1
BRDA:22,1,1,1
BRDA:22,1,2,1
BRDA:22,1,3,1
BRDA:31,2,0,1
BRDA:32,3,0,1
BRDA:32,3,1,0
BRDA:33,4,0,0
BRDA:33,5,0,0
BRDA:33,5,1,1
BRDA:33,6,0,1
BRDA:33,6,1,1
BRDA:61,7,0,0
BRDA:61,7,1,0
BRDA:73,8,0,1
BRDA:73,8,1,0
BRDA:85,9,0,1
BRDA:85,9,1,0
BRDA:100,10,0,0
BRDA:100,11,0,0
BRDA:100,11,1,0
BRDA:106,12,0,0
BRF:23
BRH:11
end_of_record
