TN:
SF:src\lib\invoices-respository.ts
FN:8,(anonymous_0)
FN:11,(anonymous_1)
FN:37,(anonymous_3)
FN:56,(anonymous_5)
FN:70,(anonymous_7)
FN:84,(anonymous_9)
FNF:6
FNH:1
FNDA:1,(anonymous_0)
FNDA:0,(anonymous_1)
FNDA:0,(anonymous_3)
FNDA:0,(anonymous_5)
FNDA:0,(anonymous_7)
FNDA:0,(anonymous_9)
DA:2,1
DA:3,1
DA:6,1
DA:8,1
DA:12,0
DA:14,0
DA:33,0
DA:34,0
DA:38,0
DA:40,0
DA:52,0
DA:53,0
DA:57,0
DA:59,0
DA:66,0
DA:67,0
DA:71,0
DA:73,0
DA:80,0
DA:81,0
DA:85,0
DA:87,0
DA:94,0
DA:95,0
LF:24
LH:4
BRF:0
BRH:0
end_of_record
