TN:
SF:src\lib\lawyer-api.controller.ts
FN:11,(anonymous_0)
FN:19,(anonymous_1)
FN:27,(anonymous_2)
FN:34,(anonymous_3)
FN:41,(anonymous_4)
FN:48,(anonymous_5)
FN:55,(anonymous_6)
FNF:7
FNH:7
FNDA:13,(anonymous_0)
FNDA:2,(anonymous_1)
FNDA:2,(anonymous_2)
FNDA:2,(anonymous_3)
FNDA:2,(anonymous_4)
FNDA:2,(anonymous_5)
FNDA:2,(anonymous_6)
DA:1,1
DA:2,1
DA:3,1
DA:4,1
DA:9,1
DA:12,13
DA:19,1
DA:20,2
DA:27,1
DA:28,2
DA:34,1
DA:35,2
DA:41,1
DA:42,2
DA:48,1
DA:49,2
DA:55,1
DA:56,2
LF:18
LH:18
BRF:0
BRH:0
end_of_record
