TN:
SF:src\lib\lawyer-repository.ts
FN:8,(anonymous_0)
FN:10,(anonymous_1)
FN:23,(anonymous_3)
FN:36,(anonymous_5)
FN:52,(anonymous_7)
FN:71,(anonymous_9)
FN:84,(anonymous_11)
FNF:7
FNH:6
FNDA:7,(anonymous_0)
FNDA:1,(anonymous_1)
FNDA:1,(anonymous_3)
FNDA:1,(anonymous_5)
FNDA:1,(anonymous_7)
FNDA:1,(anonymous_9)
FNDA:0,(anonymous_11)
DA:1,1
DA:3,1
DA:7,1
DA:8,7
DA:11,1
DA:12,1
DA:17,1
DA:19,0
DA:24,1
DA:25,1
DA:30,1
DA:32,0
DA:37,1
DA:38,1
DA:46,1
DA:48,0
DA:53,1
DA:54,1
DA:65,1
DA:67,0
DA:72,1
DA:73,1
DA:78,1
DA:80,0
DA:85,0
DA:86,0
DA:87,0
DA:89,0
LF:28
LH:19
BRF:0
BRH:0
end_of_record
