TN:
SF:src\lib\court-cases-service.service.ts
FN:8,(anonymous_0)
FN:13,(anonymous_1)
FN:32,(anonymous_3)
FN:45,(anonymous_5)
FN:59,(anonymous_7)
FN:72,(anonymous_9)
FN:83,(anonymous_11)
FN:93,(anonymous_13)
FN:107,(anonymous_14)
FN:121,(anonymous_16)
FNF:10
FNH:9
FNDA:13,(anonymous_0)
FNDA:2,(anonymous_1)
FNDA:2,(anonymous_3)
FNDA:2,(anonymous_5)
FNDA:2,(anonymous_7)
FNDA:2,(anonymous_9)
FNDA:2,(anonymous_11)
FNDA:1,(anonymous_13)
FNDA:0,(anonymous_14)
FNDA:4,(anonymous_16)
DA:1,1
DA:2,1
DA:4,1
DA:7,1
DA:9,13
DA:10,13
DA:15,2
DA:17,2
DA:18,0
DA:20,2
DA:21,2
DA:23,2
DA:24,2
DA:25,1
DA:28,1
DA:33,2
DA:35,2
DA:36,2
DA:37,2
DA:38,1
DA:41,1
DA:47,2
DA:49,2
DA:51,2
DA:52,1
DA:55,1
DA:60,2
DA:62,2
DA:64,2
DA:65,2
DA:68,0
DA:73,2
DA:75,2
DA:76,2
DA:78,0
DA:80,0
DA:86,2
DA:88,2
DA:90,2
DA:91,0
DA:93,2
DA:94,1
DA:97,2
DA:99,2
DA:103,0
DA:109,0
DA:111,0
DA:113,0
DA:114,0
DA:117,0
DA:123,4
DA:125,4
LF:52
LH:41
BRDA:17,0,0,0
BRDA:17,1,0,2
BRDA:17,1,1,0
BRDA:17,2,0,0
BRDA:17,2,1,2
BRDA:17,3,0,2
BRDA:17,3,1,2
BRDA:21,4,0,2
BRDA:21,4,1,0
BRDA:21,5,0,0
BRDA:21,5,1,2
BRDA:21,6,0,2
BRDA:21,6,1,2
BRDA:24,7,0,1
BRDA:24,7,1,1
BRDA:35,8,0,2
BRDA:35,8,1,0
BRDA:35,9,0,0
BRDA:35,9,1,2
BRDA:35,10,0,2
BRDA:35,10,1,2
BRDA:37,11,0,1
BRDA:37,11,1,1
BRDA:49,12,0,2
BRDA:49,12,1,0
BRDA:49,13,0,0
BRDA:49,13,1,2
BRDA:49,14,0,2
BRDA:49,14,1,2
BRDA:51,15,0,1
BRDA:51,15,1,1
BRDA:62,16,0,2
BRDA:62,16,1,0
BRDA:62,17,0,0
BRDA:62,17,1,2
BRDA:62,18,0,2
BRDA:62,18,1,2
BRDA:64,19,0,2
BRDA:64,19,1,0
BRDA:75,20,0,2
BRDA:75,21,0,2
BRDA:75,21,1,0
BRDA:75,22,0,0
BRDA:75,22,1,2
BRDA:75,23,0,2
BRDA:75,23,1,2
BRDA:78,24,0,0
BRDA:78,24,1,0
BRDA:78,25,0,0
BRDA:78,25,1,0
BRDA:78,26,0,0
BRDA:78,26,1,0
BRDA:88,27,0,2
BRDA:88,27,1,0
BRDA:88,28,0,0
BRDA:88,28,1,2
BRDA:88,29,0,2
BRDA:88,29,1,2
BRDA:90,30,0,0
BRDA:97,31,0,2
BRDA:97,31,1,0
BRDA:111,32,0,0
BRDA:111,32,1,0
BRDA:111,33,0,0
BRDA:111,33,1,0
BRDA:111,34,0,0
BRDA:111,34,1,0
BRDA:113,35,0,0
BRDA:113,35,1,0
BRDA:125,36,0,0
BRDA:125,36,1,4
BRF:71
BRH:38
end_of_record
