TN:
SF:src\lib\lawyer-service.service.ts
FN:9,(anonymous_0)
FN:15,(anonymous_1)
FN:25,(anonymous_3)
FN:36,(anonymous_5)
FN:46,(anonymous_7)
FN:59,(anonymous_9)
FN:68,(anonymous_11)
FN:78,(anonymous_13)
FN:84,(anonymous_15)
FNF:9
FNH:9
FNDA:13,(anonymous_0)
FNDA:2,(anonymous_1)
FNDA:2,(anonymous_3)
FNDA:2,(anonymous_5)
FNDA:2,(anonymous_7)
FNDA:2,(anonymous_9)
FNDA:2,(anonymous_11)
FNDA:4,(anonymous_13)
FNDA:2,(anonymous_15)
DA:2,1
DA:3,1
DA:7,1
DA:10,13
DA:16,2
DA:18,2
DA:19,1
DA:22,1
DA:27,2
DA:29,2
DA:30,1
DA:33,1
DA:37,2
DA:39,2
DA:40,1
DA:43,1
DA:47,2
DA:48,1
DA:50,1
DA:52,1
DA:53,0
DA:56,1
DA:60,2
DA:61,2
DA:63,0
DA:65,0
DA:70,2
DA:71,2
DA:73,0
DA:75,0
DA:79,4
DA:81,4
DA:85,2
DA:87,2
LF:34
LH:29
BRDA:18,0,0,1
BRDA:29,1,0,1
BRDA:39,2,0,1
BRDA:47,3,0,1
BRDA:52,4,0,0
BRDA:60,5,0,2
BRDA:70,6,0,2
BRDA:81,7,0,0
BRDA:81,7,1,4
BRDA:87,8,0,1
BRDA:87,8,1,1
BRF:11
BRH:9
end_of_record
