TN:
SF:src\lib\authentication-api.controller.ts
FN:12,(anonymous_0)
FN:16,(anonymous_1)
FN:21,(anonymous_3)
FN:27,(anonymous_5)
FN:33,(anonymous_7)
FN:38,(anonymous_9)
FN:43,(anonymous_11)
FN:49,(anonymous_13)
FNF:8
FNH:7
FNDA:7,(anonymous_0)
FNDA:2,(anonymous_1)
FNDA:1,(anonymous_3)
FNDA:0,(anonymous_5)
FNDA:1,(anonymous_7)
FNDA:1,(anonymous_9)
FNDA:1,(anonymous_11)
FNDA:1,(anonymous_13)
DA:1,1
DA:2,1
DA:3,1
DA:4,1
DA:5,1
DA:6,1
DA:10,1
DA:12,7
DA:16,1
DA:17,2
DA:21,1
DA:22,1
DA:23,1
DA:27,1
DA:28,0
DA:33,1
DA:34,1
DA:38,1
DA:39,1
DA:43,1
DA:44,1
DA:49,1
DA:50,1
LF:23
LH:22
BRF:0
BRH:0
end_of_record
TN:
SF:src\lib\Guard\authentication.guard.ts
FN:14,(anonymous_0)
FN:16,(anonymous_1)
FN:40,(anonymous_3)
FNF:3
FNH:1
FNDA:8,(anonymous_0)
FNDA:0,(anonymous_1)
FNDA:0,(anonymous_3)
DA:1,2
DA:7,2
DA:9,2
DA:12,2
DA:14,8
DA:19,0
DA:20,0
DA:21,0
DA:22,0
DA:24,0
DA:25,0
DA:33,0
DA:35,0
DA:37,0
DA:41,0
DA:42,0
LF:16
LH:5
BRDA:21,0,0,0
BRDA:41,1,0,0
BRDA:41,1,1,0
BRDA:41,2,0,0
BRDA:41,2,1,0
BRDA:41,3,0,0
BRDA:41,3,1,0
BRDA:41,4,0,0
BRDA:41,4,1,0
BRDA:42,5,0,0
BRDA:42,5,1,0
BRF:11
BRH:0
end_of_record
TN:
SF:src\lib\Guard\refresh-token.guard.ts
FNF:0
FNH:0
DA:1,1
DA:2,1
DA:5,1
LF:3
LH:3
BRF:0
BRH:0
end_of_record
