TN:
SF:src\lib\cms-ui-library.tsx
FN:15,CmsUiLibrary
FN:21,(anonymous_1)
FN:34,(anonymous_2)
FN:41,(anonymous_3)
FN:72,(anonymous_4)
FN:79,(anonymous_5)
FN:82,(anonymous_6)
FN:83,(anonymous_7)
FN:89,(anonymous_8)
FN:94,(anonymous_9)
FNF:10
FNH:1
FNDA:1,CmsUiLibrary
FNDA:0,(anonymous_1)
FNDA:0,(anonymous_2)
FNDA:0,(anonymous_3)
FNDA:0,(anonymous_4)
FNDA:0,(anonymous_5)
FNDA:0,(anonymous_6)
FNDA:0,(anonymous_7)
FNDA:0,(anonymous_8)
FNDA:0,(anonymous_9)
DA:16,1
DA:17,1
DA:18,1
DA:20,1
DA:24,0
DA:25,0
DA:27,0
DA:29,0
DA:30,0
DA:32,0
DA:36,0
DA:37,0
DA:41,1
DA:43,0
DA:48,0
DA:49,0
DA:51,0
DA:53,0
DA:54,0
DA:55,0
DA:56,0
DA:57,0
DA:58,0
DA:59,0
DA:73,0
DA:74,0
DA:75,0
DA:79,0
DA:80,0
DA:82,0
DA:83,0
DA:85,0
DA:87,0
DA:90,0
DA:94,0
DA:95,0
DA:100,1
LF:37
LH:6
BRDA:24,0,0,0
BRDA:24,0,1,0
BRDA:29,1,0,0
BRDA:29,1,1,0
BRDA:43,2,0,0
BRDA:43,2,1,0
BRDA:44,3,0,0
BRDA:44,3,1,0
BRDA:44,3,2,0
BRDA:54,4,0,0
BRDA:54,4,1,0
BRDA:56,5,0,0
BRDA:56,5,1,0
BRDA:74,6,0,0
BRDA:74,6,1,0
BRF:15
BRH:0
end_of_record
TN:
SF:src\lib\Invoices\invoice.tsx
FN:11,Invoice
FN:19,(anonymous_1)
FN:24,(anonymous_2)
FN:30,(anonymous_3)
FN:37,(anonymous_4)
FN:44,(anonymous_5)
FN:51,(anonymous_6)
FN:58,(anonymous_7)
FN:65,(anonymous_8)
FN:69,(anonymous_9)
FN:73,(anonymous_10)
FN:97,(anonymous_11)
FN:105,(anonymous_12)
FN:110,(anonymous_13)
FN:116,(anonymous_14)
FN:122,(anonymous_15)
FN:128,(anonymous_16)
FN:131,(anonymous_17)
FN:135,(anonymous_18)
FN:148,(anonymous_19)
FN:167,(anonymous_20)
FN:222,(anonymous_21)
FN:227,(anonymous_22)
FN:234,(anonymous_23)
FN:239,(anonymous_24)
FN:252,(anonymous_25)
FN:371,(anonymous_26)
FNF:27
FNH:8
FNDA:2,Invoice
FNDA:1,(anonymous_1)
FNDA:1,(anonymous_2)
FNDA:0,(anonymous_3)
FNDA:0,(anonymous_4)
FNDA:0,(anonymous_5)
FNDA:0,(anonymous_6)
FNDA:0,(anonymous_7)
FNDA:0,(anonymous_8)
FNDA:0,(anonymous_9)
FNDA:1,(anonymous_10)
FNDA:0,(anonymous_11)
FNDA:0,(anonymous_12)
FNDA:0,(anonymous_13)
FNDA:0,(anonymous_14)
FNDA:0,(anonymous_15)
FNDA:1,(anonymous_16)
FNDA:0,(anonymous_17)
FNDA:0,(anonymous_18)
FNDA:0,(anonymous_19)
FNDA:0,(anonymous_20)
FNDA:1,(anonymous_21)
FNDA:0,(anonymous_22)
FNDA:0,(anonymous_23)
FNDA:1,(anonymous_24)
FNDA:1,(anonymous_25)
FNDA:0,(anonymous_26)
DA:12,2
DA:13,1
DA:14,1
DA:15,1
DA:16,1
DA:17,1
DA:19,1
DA:20,1
DA:25,1
DA:30,1
DA:31,0
DA:37,1
DA:38,0
DA:44,1
DA:45,0
DA:51,1
DA:52,0
DA:58,1
DA:59,0
DA:65,1
DA:66,0
DA:69,1
DA:70,0
DA:73,1
DA:74,1
DA:97,1
DA:98,0
DA:99,0
DA:103,0
DA:106,0
DA:107,0
DA:108,0
DA:111,0
DA:116,1
DA:117,0
DA:123,0
DA:124,0
DA:128,1
DA:129,1
DA:132,0
DA:136,0
DA:148,1
DA:149,0
DA:168,0
DA:222,1
DA:223,1
DA:224,1
DA:227,1
DA:228,0
DA:231,0
DA:232,0
DA:235,0
DA:239,1
DA:240,1
DA:249,1
DA:252,1
DA:258,1
DA:301,1
DA:372,0
DA:373,0
LF:60
LH:33
BRDA:22,0,0,1
BRDA:22,0,1,1
BRDA:25,1,0,1
BRDA:25,1,1,0
BRDA:100,2,0,0
BRDA:100,2,1,0
BRDA:120,3,0,0
BRDA:120,3,1,0
BRDA:223,4,0,0
BRDA:223,4,1,1
BRDA:229,5,0,0
BRDA:229,5,1,0
BRF:12
BRH:4
end_of_record
TN:
SF:src\lib\Invoices\footer\invoice-footer.tsx
FN:6,InvoiceFooter
FNF:1
FNH:1
FNDA:1,InvoiceFooter
DA:8,1
LF:1
LH:1
BRF:0
BRH:0
end_of_record
TN:
SF:src\lib\Invoices\header\invoice-header.tsx
FN:11,InvoiceHeader
FNF:1
FNH:1
FNDA:1,InvoiceHeader
DA:12,1
LF:1
LH:1
BRF:0
BRH:0
end_of_record
TN:
SF:src\lib\authentication\login\login.tsx
FN:9,Login
FN:15,(anonymous_1)
FN:23,(anonymous_2)
FN:31,(anonymous_3)
FN:35,(anonymous_4)
FN:40,(anonymous_5)
FNF:6
FNH:1
FNDA:3,Login
FNDA:0,(anonymous_1)
FNDA:0,(anonymous_2)
FNDA:0,(anonymous_3)
FNDA:0,(anonymous_4)
FNDA:0,(anonymous_5)
DA:10,3
DA:15,3
DA:16,0
DA:23,3
DA:24,0
DA:31,3
DA:32,0
DA:33,0
DA:36,0
DA:37,0
DA:38,0
DA:41,0
DA:45,3
LF:13
LH:5
BRF:0
BRH:0
end_of_record
TN:
SF:src\lib\authentication\register\register.tsx
FN:9,Register
FN:13,(anonymous_1)
FN:20,(anonymous_2)
FN:27,(anonymous_3)
FN:34,(anonymous_4)
FN:41,(anonymous_5)
FN:48,(anonymous_6)
FN:52,(anonymous_7)
FN:58,(anonymous_8)
FN:63,(anonymous_9)
FNF:10
FNH:1
FNDA:1,Register
FNDA:0,(anonymous_1)
FNDA:0,(anonymous_2)
FNDA:0,(anonymous_3)
FNDA:0,(anonymous_4)
FNDA:0,(anonymous_5)
FNDA:0,(anonymous_6)
FNDA:0,(anonymous_7)
FNDA:0,(anonymous_8)
FNDA:0,(anonymous_9)
DA:10,1
DA:11,1
DA:13,1
DA:14,0
DA:20,1
DA:21,0
DA:27,1
DA:28,0
DA:34,1
DA:35,0
DA:41,1
DA:42,0
DA:48,1
DA:49,0
DA:52,1
DA:53,0
DA:54,0
DA:56,0
DA:59,0
DA:63,1
DA:64,0
DA:67,1
LF:22
LH:11
BRDA:53,0,0,0
BRDA:53,0,1,0
BRF:2
BRH:0
end_of_record
TN:
SF:src\lib\calendar\calendar-ui.tsx
FN:26,CalendarUi
FN:54,renderEventContent
FN:88,(anonymous_2)
FN:93,(anonymous_3)
FN:97,(anonymous_4)
FN:110,(anonymous_5)
FN:117,(anonymous_6)
FN:124,(anonymous_7)
FN:131,(anonymous_8)
FN:138,(anonymous_9)
FN:196,(anonymous_10)
FN:237,(anonymous_11)
FN:251,(anonymous_12)
FNF:13
FNH:3
FNDA:2,CalendarUi
FNDA:0,renderEventContent
FNDA:1,(anonymous_2)
FNDA:1,(anonymous_3)
FNDA:0,(anonymous_4)
FNDA:0,(anonymous_5)
FNDA:0,(anonymous_6)
FNDA:0,(anonymous_7)
FNDA:0,(anonymous_8)
FNDA:0,(anonymous_9)
FNDA:0,(anonymous_10)
FNDA:0,(anonymous_11)
FNDA:0,(anonymous_12)
DA:28,2
DA:31,1
DA:44,1
DA:51,1
DA:76,0
DA:88,1
DA:89,1
DA:94,1
DA:95,1
DA:96,1
DA:97,1
DA:106,1
DA:110,1
DA:111,0
DA:117,1
DA:118,0
DA:124,1
DA:125,0
DA:131,1
DA:132,0
DA:138,1
DA:139,0
DA:142,1
DA:197,0
DA:238,0
DA:252,0
LF:26
LH:17
BRDA:91,0,0,1
BRDA:91,0,1,1
BRF:2
BRH:2
end_of_record
TN:
SF:src\lib\court-cases\add-court-case\add-court-case.tsx
FN:13,AddCourtCase
FN:20,(anonymous_1)
FN:26,(anonymous_2)
FN:31,(anonymous_3)
FN:38,(anonymous_4)
FN:45,(anonymous_5)
FN:52,(anonymous_6)
FN:59,(anonymous_7)
FN:66,(anonymous_8)
FN:73,(anonymous_9)
FN:128,(anonymous_10)
FN:140,(anonymous_11)
FNF:12
FNH:3
FNDA:1,AddCourtCase
FNDA:0,(anonymous_1)
FNDA:0,(anonymous_2)
FNDA:0,(anonymous_3)
FNDA:0,(anonymous_4)
FNDA:0,(anonymous_5)
FNDA:0,(anonymous_6)
FNDA:0,(anonymous_7)
FNDA:0,(anonymous_8)
FNDA:0,(anonymous_9)
FNDA:6,(anonymous_10)
FNDA:6,(anonymous_11)
DA:15,1
DA:16,1
DA:18,1
DA:20,1
DA:22,0
DA:25,0
DA:26,0
DA:27,0
DA:31,1
DA:32,0
DA:38,1
DA:39,0
DA:45,1
DA:46,0
DA:52,1
DA:53,0
DA:59,1
DA:60,0
DA:66,1
DA:67,0
DA:73,1
DA:74,0
DA:80,1
DA:129,6
DA:141,6
LF:25
LH:14
BRDA:23,0,0,0
BRDA:23,0,1,0
BRF:2
BRH:0
end_of_record
TN:
SF:src\lib\court-cases\case-management\court-cases.tsx
FN:8,CourtCases
FN:12,(anonymous_1)
FN:17,(anonymous_2)
FN:21,(anonymous_3)
FN:26,(anonymous_4)
FN:81,(anonymous_5)
FNF:6
FNH:3
FNDA:2,CourtCases
FNDA:1,(anonymous_1)
FNDA:1,(anonymous_2)
FNDA:0,(anonymous_3)
FNDA:0,(anonymous_4)
FNDA:0,(anonymous_5)
DA:9,2
DA:10,1
DA:12,1
DA:13,1
DA:18,1
DA:19,1
DA:22,0
DA:26,1
DA:27,0
DA:28,0
DA:31,1
DA:82,0
LF:12
LH:8
BRDA:15,0,0,1
BRDA:15,0,1,1
BRDA:18,1,0,1
BRDA:18,1,1,0
BRF:4
BRH:3
end_of_record
TN:
SF:src\lib\data-transfer-object\constants\constants.ts
FN:19,GetCaseTypes
FN:23,GetCaseOutcomes
FNF:2
FNH:2
FNDA:2,GetCaseTypes
FNDA:2,GetCaseOutcomes
DA:1,4
DA:10,4
DA:20,2
DA:24,2
LF:4
LH:4
BRF:0
BRH:0
end_of_record
TN:
SF:src\lib\data-transfer-object\court-case\court-case.dto.ts
FNF:0
FNH:0
LF:0
LH:0
BRF:0
BRH:0
end_of_record
TN:
SF:src\lib\data-transfer-object\invoice\invoice.dto.ts
FNF:0
FNH:0
LF:0
LH:0
BRF:0
BRH:0
end_of_record
TN:
SF:src\lib\data-transfer-object\user\user.dto.ts
FNF:0
FNH:0
LF:0
LH:0
BRF:0
BRH:0
end_of_record
TN:
SF:src\lib\data-transfer-object\user\user-login-request\user-login-request.dto.ts
FNF:0
FNH:0
LF:0
LH:0
BRF:0
BRH:0
end_of_record
TN:
SF:src\lib\file-management\file-management.tsx
FN:9,FileManagement
FN:15,(anonymous_1)
FN:18,(anonymous_2)
FN:23,(anonymous_3)
FN:29,(anonymous_4)
FN:35,(anonymous_5)
FN:44,(anonymous_6)
FN:56,(anonymous_7)
FN:66,(anonymous_8)
FNF:9
FNH:3
FNDA:2,FileManagement
FNDA:1,(anonymous_1)
FNDA:1,(anonymous_2)
FNDA:0,(anonymous_3)
FNDA:0,(anonymous_4)
FNDA:0,(anonymous_5)
FNDA:0,(anonymous_6)
FNDA:0,(anonymous_7)
FNDA:0,(anonymous_8)
DA:10,2
DA:11,1
DA:12,1
DA:13,1
DA:15,1
DA:16,1
DA:19,1
DA:23,1
DA:26,0
DA:29,1
DA:32,0
DA:35,1
DA:41,0
DA:44,1
DA:45,0
DA:47,0
DA:48,0
DA:50,0
DA:51,0
DA:52,0
DA:54,0
DA:57,0
DA:62,1
DA:67,0
LF:24
LH:12
BRDA:45,0,0,0
BRDA:45,0,1,0
BRDA:45,1,0,0
BRDA:45,1,1,0
BRF:4
BRH:0
end_of_record
TN:
SF:src\lib\navigation\navigation.tsx
FN:14,Navigation
FNF:1
FNH:1
FNDA:2,Navigation
DA:15,2
LF:1
LH:1
BRF:0
BRH:0
end_of_record
