TN:
SF:src\lib\authetication-repostiory.ts
FN:9,(anonymous_0)
FN:12,(anonymous_1)
FN:34,(anonymous_3)
FN:49,(anonymous_5)
FN:66,(anonymous_7)
FN:85,(anonymous_9)
FN:100,(anonymous_11)
FNF:7
FNH:7
FNDA:8,(anonymous_0)
FNDA:1,(anonymous_1)
FNDA:1,(anonymous_3)
FNDA:1,(anonymous_5)
FNDA:1,(anonymous_7)
FNDA:1,(anonymous_9)
FNDA:1,(anonymous_11)
DA:1,1
DA:3,1
DA:4,1
DA:7,1
DA:9,8
DA:14,1
DA:15,1
DA:17,1
DA:18,1
DA:30,1
DA:31,1
DA:35,1
DA:36,1
DA:44,1
DA:45,1
DA:46,1
DA:50,1
DA:51,1
DA:62,1
DA:63,1
DA:67,1
DA:68,1
DA:70,1
DA:71,1
DA:81,1
DA:82,1
DA:86,1
DA:87,1
DA:96,1
DA:97,1
DA:101,1
DA:102,1
DA:108,1
DA:109,1
LF:34
LH:34
BRF:0
BRH:0
end_of_record
