TN:
SF:src\app\app.controller.ts
FN:7,(anonymous_0)
FN:10,(anonymous_1)
FNF:2
FNH:2
FNDA:1,(anonymous_0)
FNDA:1,(anonymous_1)
DA:1,1
DA:3,1
DA:6,1
DA:7,1
DA:10,1
DA:11,1
LF:6
LH:6
BRF:0
BRH:0
end_of_record
TN:
SF:src\app\app.service.ts
FN:5,(anonymous_0)
FNF:1
FNH:1
FNDA:2,(anonymous_0)
DA:1,2
DA:4,2
DA:6,2
LF:3
LH:3
BRF:0
BRH:0
end_of_record
TN:
SF:src\app\app.tsx
FN:6,App
FNF:1
FNH:1
FNDA:1,App
DA:7,1
LF:1
LH:1
BRF:0
BRH:0
end_of_record
TN:
SF:src\app\app.controller.ts
FN:7,(anonymous_0)
FN:10,(anonymous_1)
FNF:2
FNH:2
FNDA:1,(anonymous_0)
FNDA:1,(anonymous_1)
DA:1,1
DA:3,1
DA:6,1
DA:7,1
DA:10,1
DA:11,1
LF:6
LH:6
BRF:0
BRH:0
end_of_record
TN:
SF:src\app\app.service.ts
FN:5,(anonymous_0)
FNF:1
FNH:1
FNDA:2,(anonymous_0)
DA:1,2
DA:4,2
DA:6,2
LF:3
LH:3
BRF:0
BRH:0
end_of_record
TN:
SF:src\app\app.tsx
FN:6,App
FNF:1
FNH:1
FNDA:1,App
DA:7,1
LF:1
LH:1
BRF:0
BRH:0
end_of_record
TN:
SF:src\app\app.controller.ts
FN:7,(anonymous_0)
FN:10,(anonymous_1)
FNF:2
FNH:2
FNDA:1,(anonymous_0)
FNDA:1,(anonymous_1)
DA:1,1
DA:3,1
DA:6,1
DA:7,1
DA:10,1
DA:11,1
LF:6
LH:6
BRF:0
BRH:0
end_of_record
TN:
SF:src\app\app.service.ts
FN:5,(anonymous_0)
FNF:1
FNH:1
FNDA:2,(anonymous_0)
DA:1,2
DA:4,2
DA:6,2
LF:3
LH:3
BRF:0
BRH:0
end_of_record
TN:
SF:src\app\app.tsx
FN:6,App
FNF:1
FNH:1
FNDA:1,App
DA:7,1
LF:1
LH:1
BRF:0
BRH:0
end_of_record
TN:
SF:src\lib\authentication-api.controller.ts
FN:12,(anonymous_0)
FN:16,(anonymous_1)
FN:21,(anonymous_3)
FN:27,(anonymous_5)
FN:33,(anonymous_7)
FN:38,(anonymous_9)
FN:43,(anonymous_11)
FN:49,(anonymous_13)
FNF:8
FNH:7
FNDA:7,(anonymous_0)
FNDA:2,(anonymous_1)
FNDA:1,(anonymous_3)
FNDA:0,(anonymous_5)
FNDA:1,(anonymous_7)
FNDA:1,(anonymous_9)
FNDA:1,(anonymous_11)
FNDA:1,(anonymous_13)
DA:1,1
DA:2,1
DA:3,1
DA:4,1
DA:5,1
DA:6,1
DA:10,1
DA:12,7
DA:16,1
DA:17,2
DA:21,1
DA:22,1
DA:23,1
DA:27,1
DA:28,0
DA:33,1
DA:34,1
DA:38,1
DA:39,1
DA:43,1
DA:44,1
DA:49,1
DA:50,1
LF:23
LH:22
BRF:0
BRH:0
end_of_record
TN:
SF:src\lib\Guard\authentication.guard.ts
FN:14,(anonymous_0)
FN:16,(anonymous_1)
FN:40,(anonymous_3)
FNF:3
FNH:1
FNDA:8,(anonymous_0)
FNDA:0,(anonymous_1)
FNDA:0,(anonymous_3)
DA:1,2
DA:7,2
DA:9,2
DA:12,2
DA:14,8
DA:19,0
DA:20,0
DA:21,0
DA:22,0
DA:24,0
DA:25,0
DA:33,0
DA:35,0
DA:37,0
DA:41,0
DA:42,0
LF:16
LH:5
BRDA:21,0,0,0
BRDA:41,1,0,0
BRDA:41,1,1,0
BRDA:41,2,0,0
BRDA:41,2,1,0
BRDA:41,3,0,0
BRDA:41,3,1,0
BRDA:41,4,0,0
BRDA:41,4,1,0
BRDA:42,5,0,0
BRDA:42,5,1,0
BRF:11
BRH:0
end_of_record
TN:
SF:src\lib\Guard\refresh-token.guard.ts
FNF:0
FNH:0
DA:1,1
DA:2,1
DA:5,1
LF:3
LH:3
BRF:0
BRH:0
end_of_record
TN:
SF:src\lib\authetication-repostiory.ts
FN:9,(anonymous_0)
FN:12,(anonymous_1)
FN:34,(anonymous_3)
FN:49,(anonymous_5)
FN:66,(anonymous_7)
FN:85,(anonymous_9)
FN:100,(anonymous_11)
FNF:7
FNH:7
FNDA:8,(anonymous_0)
FNDA:1,(anonymous_1)
FNDA:1,(anonymous_3)
FNDA:1,(anonymous_5)
FNDA:1,(anonymous_7)
FNDA:1,(anonymous_9)
FNDA:1,(anonymous_11)
DA:1,1
DA:3,1
DA:4,1
DA:7,1
DA:9,8
DA:14,1
DA:15,1
DA:17,1
DA:18,1
DA:30,1
DA:31,1
DA:35,1
DA:36,1
DA:44,1
DA:45,1
DA:46,1
DA:50,1
DA:51,1
DA:62,1
DA:63,1
DA:67,1
DA:68,1
DA:70,1
DA:71,1
DA:81,1
DA:82,1
DA:86,1
DA:87,1
DA:96,1
DA:97,1
DA:101,1
DA:102,1
DA:108,1
DA:109,1
LF:34
LH:34
BRF:0
BRH:0
end_of_record
TN:
SF:src\lib\authentication-service.service.ts
FN:10,(anonymous_0)
FN:14,(anonymous_1)
FN:18,(anonymous_3)
FN:57,(anonymous_5)
FN:69,(anonymous_7)
FN:81,(anonymous_9)
FN:93,(anonymous_11)
FN:97,(anonymous_13)
FNF:8
FNH:6
FNDA:7,(anonymous_0)
FNDA:1,(anonymous_1)
FNDA:1,(anonymous_3)
FNDA:0,(anonymous_5)
FNDA:1,(anonymous_7)
FNDA:1,(anonymous_9)
FNDA:1,(anonymous_11)
FNDA:0,(anonymous_13)
DA:2,1
DA:3,1
DA:4,1
DA:5,1
DA:6,1
DA:9,1
DA:11,7
DA:12,7
DA:15,1
DA:20,1
DA:21,1
DA:22,1
DA:23,0
DA:29,1
DA:30,1
DA:31,1
DA:32,1
DA:33,1
DA:34,0
DA:35,0
DA:39,0
DA:43,0
DA:44,0
DA:51,1
DA:59,0
DA:61,0
DA:62,0
DA:65,0
DA:71,1
DA:73,1
DA:74,1
DA:77,0
DA:83,1
DA:85,1
DA:86,1
DA:89,0
DA:94,1
DA:98,0
DA:100,0
DA:101,0
DA:106,0
DA:107,0
DA:112,0
DA:113,0
DA:118,0
LF:45
LH:25
BRDA:22,0,0,0
BRDA:22,1,0,1
BRDA:22,1,1,1
BRDA:22,1,2,1
BRDA:22,1,3,1
BRDA:31,2,0,1
BRDA:32,3,0,1
BRDA:32,3,1,0
BRDA:33,4,0,0
BRDA:33,5,0,0
BRDA:33,5,1,1
BRDA:33,6,0,1
BRDA:33,6,1,1
BRDA:61,7,0,0
BRDA:61,7,1,0
BRDA:73,8,0,1
BRDA:73,8,1,0
BRDA:85,9,0,1
BRDA:85,9,1,0
BRDA:100,10,0,0
BRDA:100,11,0,0
BRDA:100,11,1,0
BRDA:106,12,0,0
BRF:23
BRH:11
end_of_record
TN:
SF:src\lib\court-cases-api.controller.ts
FN:11,(anonymous_0)
FN:18,(anonymous_1)
FN:27,(anonymous_2)
FN:36,(anonymous_3)
FN:44,(anonymous_4)
FN:52,(anonymous_5)
FN:60,(anonymous_6)
FN:68,(anonymous_7)
FNF:8
FNH:8
FNDA:14,(anonymous_0)
FNDA:2,(anonymous_1)
FNDA:1,(anonymous_2)
FNDA:2,(anonymous_3)
FNDA:2,(anonymous_4)
FNDA:2,(anonymous_5)
FNDA:2,(anonymous_6)
FNDA:2,(anonymous_7)
DA:1,1
DA:2,1
DA:3,1
DA:4,1
DA:5,1
DA:10,1
DA:11,14
DA:18,1
DA:20,2
DA:27,1
DA:28,1
DA:36,1
DA:37,2
DA:44,1
DA:45,2
DA:52,1
DA:53,2
DA:60,1
DA:61,2
DA:68,1
DA:69,2
LF:21
LH:21
BRF:0
BRH:0
end_of_record
TN:
SF:src\lib\court-case-repository.ts
FN:8,(anonymous_0)
FN:11,(anonymous_1)
FN:46,(anonymous_3)
FN:79,(anonymous_5)
FN:97,(anonymous_7)
FN:114,(anonymous_9)
FN:132,(anonymous_11)
FNF:7
FNH:7
FNDA:8,(anonymous_0)
FNDA:1,(anonymous_1)
FNDA:1,(anonymous_3)
FNDA:1,(anonymous_5)
FNDA:1,(anonymous_7)
FNDA:1,(anonymous_9)
FNDA:1,(anonymous_11)
DA:1,1
DA:2,1
DA:6,1
DA:8,8
DA:12,1
DA:13,1
DA:14,1
DA:16,1
DA:39,1
DA:40,1
DA:42,0
DA:47,1
DA:48,1
DA:50,1
DA:72,1
DA:73,1
DA:75,0
DA:80,1
DA:81,1
DA:83,1
DA:90,1
DA:91,1
DA:93,0
DA:98,1
DA:99,1
DA:101,1
DA:107,1
DA:108,1
DA:110,0
DA:115,1
DA:116,1
DA:118,1
DA:125,1
DA:126,1
DA:128,0
DA:133,1
DA:134,1
DA:136,1
DA:143,1
DA:144,1
DA:146,0
LF:41
LH:35
BRF:0
BRH:0
end_of_record
TN:
SF:src\lib\court-cases-service.service.ts
FN:8,(anonymous_0)
FN:13,(anonymous_1)
FN:32,(anonymous_3)
FN:45,(anonymous_5)
FN:59,(anonymous_7)
FN:72,(anonymous_9)
FN:83,(anonymous_11)
FN:93,(anonymous_13)
FN:107,(anonymous_14)
FN:121,(anonymous_16)
FNF:10
FNH:9
FNDA:13,(anonymous_0)
FNDA:2,(anonymous_1)
FNDA:2,(anonymous_3)
FNDA:2,(anonymous_5)
FNDA:2,(anonymous_7)
FNDA:2,(anonymous_9)
FNDA:2,(anonymous_11)
FNDA:1,(anonymous_13)
FNDA:0,(anonymous_14)
FNDA:4,(anonymous_16)
DA:1,1
DA:2,1
DA:4,1
DA:7,1
DA:9,13
DA:10,13
DA:15,2
DA:17,2
DA:18,0
DA:20,2
DA:21,2
DA:23,2
DA:24,2
DA:25,1
DA:28,1
DA:33,2
DA:35,2
DA:36,2
DA:37,2
DA:38,1
DA:41,1
DA:47,2
DA:49,2
DA:51,2
DA:52,1
DA:55,1
DA:60,2
DA:62,2
DA:64,2
DA:65,2
DA:68,0
DA:73,2
DA:75,2
DA:76,2
DA:78,0
DA:80,0
DA:86,2
DA:88,2
DA:90,2
DA:91,0
DA:93,2
DA:94,1
DA:97,2
DA:99,2
DA:103,0
DA:109,0
DA:111,0
DA:113,0
DA:114,0
DA:117,0
DA:123,4
DA:125,4
LF:52
LH:41
BRDA:17,0,0,0
BRDA:17,1,0,2
BRDA:17,1,1,0
BRDA:17,2,0,0
BRDA:17,2,1,2
BRDA:17,3,0,2
BRDA:17,3,1,2
BRDA:21,4,0,2
BRDA:21,4,1,0
BRDA:21,5,0,0
BRDA:21,5,1,2
BRDA:21,6,0,2
BRDA:21,6,1,2
BRDA:24,7,0,1
BRDA:24,7,1,1
BRDA:35,8,0,2
BRDA:35,8,1,0
BRDA:35,9,0,0
BRDA:35,9,1,2
BRDA:35,10,0,2
BRDA:35,10,1,2
BRDA:37,11,0,1
BRDA:37,11,1,1
BRDA:49,12,0,2
BRDA:49,12,1,0
BRDA:49,13,0,0
BRDA:49,13,1,2
BRDA:49,14,0,2
BRDA:49,14,1,2
BRDA:51,15,0,1
BRDA:51,15,1,1
BRDA:62,16,0,2
BRDA:62,16,1,0
BRDA:62,17,0,0
BRDA:62,17,1,2
BRDA:62,18,0,2
BRDA:62,18,1,2
BRDA:64,19,0,2
BRDA:64,19,1,0
BRDA:75,20,0,2
BRDA:75,21,0,2
BRDA:75,21,1,0
BRDA:75,22,0,0
BRDA:75,22,1,2
BRDA:75,23,0,2
BRDA:75,23,1,2
BRDA:78,24,0,0
BRDA:78,24,1,0
BRDA:78,25,0,0
BRDA:78,25,1,0
BRDA:78,26,0,0
BRDA:78,26,1,0
BRDA:88,27,0,2
BRDA:88,27,1,0
BRDA:88,28,0,0
BRDA:88,28,1,2
BRDA:88,29,0,2
BRDA:88,29,1,2
BRDA:90,30,0,0
BRDA:97,31,0,2
BRDA:97,31,1,0
BRDA:111,32,0,0
BRDA:111,32,1,0
BRDA:111,33,0,0
BRDA:111,33,1,0
BRDA:111,34,0,0
BRDA:111,34,1,0
BRDA:113,35,0,0
BRDA:113,35,1,0
BRDA:125,36,0,0
BRDA:125,36,1,4
BRF:71
BRH:38
end_of_record
TN:
SF:src\lib\documents-api.controller.ts
FN:14,(anonymous_0)
FN:20,(anonymous_1)
FN:38,(anonymous_2)
FN:51,(anonymous_3)
FN:27,(anonymous_4)
FN:29,(anonymous_5)
FNF:6
FNH:3
FNDA:4,(anonymous_0)
FNDA:2,(anonymous_1)
FNDA:0,(anonymous_2)
FNDA:1,(anonymous_3)
FNDA:0,(anonymous_4)
FNDA:0,(anonymous_5)
DA:1,1
DA:2,1
DA:3,1
DA:4,1
DA:5,1
DA:6,1
DA:7,1
DA:12,1
DA:14,4
DA:20,1
DA:21,2
DA:29,0
DA:31,0
DA:38,1
DA:39,0
DA:45,0
DA:51,1
DA:52,1
LF:18
LH:14
BRF:0
BRH:0
end_of_record
TN:
SF:src\lib\documents-repository.ts
FN:8,(anonymous_0)
FN:11,(anonymous_1)
FN:28,(anonymous_3)
FN:44,(anonymous_5)
FNF:4
FNH:1
FNDA:1,(anonymous_0)
FNDA:0,(anonymous_1)
FNDA:0,(anonymous_3)
FNDA:0,(anonymous_5)
DA:2,1
DA:3,1
DA:6,1
DA:8,1
DA:13,0
DA:14,0
DA:24,0
DA:30,0
DA:31,0
DA:38,0
DA:40,0
DA:46,0
DA:47,0
DA:53,0
DA:55,0
LF:15
LH:4
BRF:0
BRH:0
end_of_record
TN:
SF:src\lib\documents-service.service.ts
FN:9,(anonymous_0)
FN:13,(anonymous_1)
FN:26,(anonymous_3)
FN:38,(anonymous_5)
FNF:4
FNH:1
FNDA:1,(anonymous_0)
FNDA:0,(anonymous_1)
FNDA:0,(anonymous_3)
FNDA:0,(anonymous_5)
DA:1,1
DA:3,1
DA:4,1
DA:7,1
DA:10,1
DA:11,1
DA:16,0
DA:18,0
DA:20,0
DA:21,0
DA:23,0
DA:28,0
DA:30,0
DA:32,0
DA:33,0
DA:35,0
DA:41,0
DA:43,0
DA:45,0
DA:46,0
DA:48,0
LF:21
LH:6
BRDA:18,0,0,0
BRDA:18,0,1,0
BRDA:18,1,0,0
BRDA:18,1,1,0
BRDA:18,2,0,0
BRDA:18,2,1,0
BRDA:20,3,0,0
BRDA:20,3,1,0
BRDA:30,4,0,0
BRDA:30,4,1,0
BRDA:30,5,0,0
BRDA:30,5,1,0
BRDA:30,6,0,0
BRDA:30,6,1,0
BRDA:32,7,0,0
BRDA:32,7,1,0
BRDA:43,8,0,0
BRDA:43,8,1,0
BRDA:43,9,0,0
BRDA:43,9,1,0
BRDA:43,10,0,0
BRDA:43,10,1,0
BRDA:45,11,0,0
BRDA:45,11,1,0
BRF:24
BRH:0
end_of_record
TN:
SF:src\lib\invoices-api.controller.ts
FN:9,(anonymous_0)
FN:12,(anonymous_1)
FN:17,(anonymous_2)
FN:22,(anonymous_3)
FN:27,(anonymous_4)
FN:32,(anonymous_5)
FNF:6
FNH:1
FNDA:1,(anonymous_0)
FNDA:0,(anonymous_1)
FNDA:0,(anonymous_2)
FNDA:0,(anonymous_3)
FNDA:0,(anonymous_4)
FNDA:0,(anonymous_5)
DA:1,1
DA:2,1
DA:3,1
DA:4,1
DA:7,1
DA:9,1
DA:12,1
DA:13,0
DA:17,1
DA:18,0
DA:22,1
DA:23,0
DA:27,1
DA:28,0
DA:32,1
DA:33,0
LF:16
LH:11
BRF:0
BRH:0
end_of_record
TN:
SF:src\lib\invoices-respository.ts
FN:8,(anonymous_0)
FN:11,(anonymous_1)
FN:37,(anonymous_3)
FN:56,(anonymous_5)
FN:70,(anonymous_7)
FN:84,(anonymous_9)
FNF:6
FNH:1
FNDA:1,(anonymous_0)
FNDA:0,(anonymous_1)
FNDA:0,(anonymous_3)
FNDA:0,(anonymous_5)
FNDA:0,(anonymous_7)
FNDA:0,(anonymous_9)
DA:2,1
DA:3,1
DA:6,1
DA:8,1
DA:12,0
DA:14,0
DA:33,0
DA:34,0
DA:38,0
DA:40,0
DA:52,0
DA:53,0
DA:57,0
DA:59,0
DA:66,0
DA:67,0
DA:71,0
DA:73,0
DA:80,0
DA:81,0
DA:85,0
DA:87,0
DA:94,0
DA:95,0
LF:24
LH:4
BRF:0
BRH:0
end_of_record
TN:
SF:src\lib\invoices-service.service.ts
FN:9,(anonymous_0)
FN:16,(anonymous_1)
FN:24,(anonymous_3)
FN:31,(anonymous_5)
FN:40,(anonymous_7)
FN:49,(anonymous_9)
FN:59,(anonymous_11)
FNF:7
FNH:1
FNDA:1,(anonymous_0)
FNDA:0,(anonymous_1)
FNDA:0,(anonymous_3)
FNDA:0,(anonymous_5)
FNDA:0,(anonymous_7)
FNDA:0,(anonymous_9)
FNDA:0,(anonymous_11)
DA:1,1
DA:3,1
DA:4,1
DA:7,1
DA:9,1
DA:10,1
DA:17,0
DA:18,0
DA:20,0
DA:21,0
DA:25,0
DA:26,0
DA:28,0
DA:32,0
DA:33,0
DA:35,0
DA:37,0
DA:41,0
DA:42,0
DA:44,0
DA:46,0
DA:50,0
DA:51,0
DA:53,0
DA:55,0
DA:61,0
DA:62,0
DA:63,0
DA:64,0
DA:65,0
DA:66,0
DA:67,0
DA:68,0
DA:69,0
DA:70,0
DA:71,0
DA:72,0
DA:74,0
LF:38
LH:6
BRDA:17,0,0,0
BRDA:25,1,0,0
BRDA:32,2,0,0
BRDA:32,3,0,0
BRDA:32,3,1,0
BRDA:41,4,0,0
BRDA:41,5,0,0
BRDA:41,5,1,0
BRDA:50,6,0,0
BRDA:50,7,0,0
BRDA:50,7,1,0
BRDA:61,8,0,0
BRDA:63,9,0,0
BRDA:65,10,0,0
BRDA:67,11,0,0
BRDA:69,12,0,0
BRDA:71,13,0,0
BRF:17
BRH:0
end_of_record
TN:
SF:src\lib\lawyer-api.controller.ts
FN:11,(anonymous_0)
FN:19,(anonymous_1)
FN:27,(anonymous_2)
FN:34,(anonymous_3)
FN:41,(anonymous_4)
FN:48,(anonymous_5)
FN:55,(anonymous_6)
FNF:7
FNH:7
FNDA:13,(anonymous_0)
FNDA:2,(anonymous_1)
FNDA:2,(anonymous_2)
FNDA:2,(anonymous_3)
FNDA:2,(anonymous_4)
FNDA:2,(anonymous_5)
FNDA:2,(anonymous_6)
DA:1,1
DA:2,1
DA:3,1
DA:4,1
DA:9,1
DA:12,13
DA:19,1
DA:20,2
DA:27,1
DA:28,2
DA:34,1
DA:35,2
DA:41,1
DA:42,2
DA:48,1
DA:49,2
DA:55,1
DA:56,2
LF:18
LH:18
BRF:0
BRH:0
end_of_record
TN:
SF:src\lib\lawyer-repository.ts
FN:8,(anonymous_0)
FN:10,(anonymous_1)
FN:23,(anonymous_3)
FN:36,(anonymous_5)
FN:52,(anonymous_7)
FN:71,(anonymous_9)
FN:84,(anonymous_11)
FNF:7
FNH:6
FNDA:7,(anonymous_0)
FNDA:1,(anonymous_1)
FNDA:1,(anonymous_3)
FNDA:1,(anonymous_5)
FNDA:1,(anonymous_7)
FNDA:1,(anonymous_9)
FNDA:0,(anonymous_11)
DA:1,1
DA:3,1
DA:7,1
DA:8,7
DA:11,1
DA:12,1
DA:17,1
DA:19,0
DA:24,1
DA:25,1
DA:30,1
DA:32,0
DA:37,1
DA:38,1
DA:46,1
DA:48,0
DA:53,1
DA:54,1
DA:65,1
DA:67,0
DA:72,1
DA:73,1
DA:78,1
DA:80,0
DA:85,0
DA:86,0
DA:87,0
DA:89,0
LF:28
LH:19
BRF:0
BRH:0
end_of_record
TN:
SF:src\lib\lawyer-service.service.ts
FN:9,(anonymous_0)
FN:15,(anonymous_1)
FN:25,(anonymous_3)
FN:36,(anonymous_5)
FN:46,(anonymous_7)
FN:59,(anonymous_9)
FN:68,(anonymous_11)
FN:78,(anonymous_13)
FN:84,(anonymous_15)
FNF:9
FNH:9
FNDA:13,(anonymous_0)
FNDA:2,(anonymous_1)
FNDA:2,(anonymous_3)
FNDA:2,(anonymous_5)
FNDA:2,(anonymous_7)
FNDA:2,(anonymous_9)
FNDA:2,(anonymous_11)
FNDA:4,(anonymous_13)
FNDA:2,(anonymous_15)
DA:2,1
DA:3,1
DA:7,1
DA:10,13
DA:16,2
DA:18,2
DA:19,1
DA:22,1
DA:27,2
DA:29,2
DA:30,1
DA:33,1
DA:37,2
DA:39,2
DA:40,1
DA:43,1
DA:47,2
DA:48,1
DA:50,1
DA:52,1
DA:53,0
DA:56,1
DA:60,2
DA:61,2
DA:63,0
DA:65,0
DA:70,2
DA:71,2
DA:73,0
DA:75,0
DA:79,4
DA:81,4
DA:85,2
DA:87,2
LF:34
LH:29
BRDA:18,0,0,1
BRDA:29,1,0,1
BRDA:39,2,0,1
BRDA:47,3,0,1
BRDA:52,4,0,0
BRDA:60,5,0,2
BRDA:70,6,0,2
BRDA:81,7,0,0
BRDA:81,7,1,4
BRDA:87,8,0,1
BRDA:87,8,1,1
BRF:11
BRH:9
end_of_record
TN:
SF:src\lib\cms-ui-library.tsx
FN:15,CmsUiLibrary
FN:21,(anonymous_1)
FN:34,(anonymous_2)
FN:41,(anonymous_3)
FN:72,(anonymous_4)
FN:79,(anonymous_5)
FN:82,(anonymous_6)
FN:83,(anonymous_7)
FN:89,(anonymous_8)
FN:94,(anonymous_9)
FNF:10
FNH:1
FNDA:1,CmsUiLibrary
FNDA:0,(anonymous_1)
FNDA:0,(anonymous_2)
FNDA:0,(anonymous_3)
FNDA:0,(anonymous_4)
FNDA:0,(anonymous_5)
FNDA:0,(anonymous_6)
FNDA:0,(anonymous_7)
FNDA:0,(anonymous_8)
FNDA:0,(anonymous_9)
DA:16,1
DA:17,1
DA:18,1
DA:20,1
DA:24,0
DA:25,0
DA:27,0
DA:29,0
DA:30,0
DA:32,0
DA:36,0
DA:37,0
DA:41,1
DA:43,0
DA:48,0
DA:49,0
DA:51,0
DA:53,0
DA:54,0
DA:55,0
DA:56,0
DA:57,0
DA:58,0
DA:59,0
DA:73,0
DA:74,0
DA:75,0
DA:79,0
DA:80,0
DA:82,0
DA:83,0
DA:85,0
DA:87,0
DA:90,0
DA:94,0
DA:95,0
DA:100,1
LF:37
LH:6
BRDA:24,0,0,0
BRDA:24,0,1,0
BRDA:29,1,0,0
BRDA:29,1,1,0
BRDA:43,2,0,0
BRDA:43,2,1,0
BRDA:44,3,0,0
BRDA:44,3,1,0
BRDA:44,3,2,0
BRDA:54,4,0,0
BRDA:54,4,1,0
BRDA:56,5,0,0
BRDA:56,5,1,0
BRDA:74,6,0,0
BRDA:74,6,1,0
BRF:15
BRH:0
end_of_record
TN:
SF:src\lib\Invoices\invoice.tsx
FN:11,Invoice
FN:19,(anonymous_1)
FN:24,(anonymous_2)
FN:30,(anonymous_3)
FN:37,(anonymous_4)
FN:44,(anonymous_5)
FN:51,(anonymous_6)
FN:58,(anonymous_7)
FN:65,(anonymous_8)
FN:69,(anonymous_9)
FN:73,(anonymous_10)
FN:97,(anonymous_11)
FN:105,(anonymous_12)
FN:110,(anonymous_13)
FN:116,(anonymous_14)
FN:122,(anonymous_15)
FN:128,(anonymous_16)
FN:131,(anonymous_17)
FN:135,(anonymous_18)
FN:148,(anonymous_19)
FN:167,(anonymous_20)
FN:222,(anonymous_21)
FN:227,(anonymous_22)
FN:234,(anonymous_23)
FN:239,(anonymous_24)
FN:252,(anonymous_25)
FN:371,(anonymous_26)
FNF:27
FNH:8
FNDA:2,Invoice
FNDA:1,(anonymous_1)
FNDA:1,(anonymous_2)
FNDA:0,(anonymous_3)
FNDA:0,(anonymous_4)
FNDA:0,(anonymous_5)
FNDA:0,(anonymous_6)
FNDA:0,(anonymous_7)
FNDA:0,(anonymous_8)
FNDA:0,(anonymous_9)
FNDA:1,(anonymous_10)
FNDA:0,(anonymous_11)
FNDA:0,(anonymous_12)
FNDA:0,(anonymous_13)
FNDA:0,(anonymous_14)
FNDA:0,(anonymous_15)
FNDA:1,(anonymous_16)
FNDA:0,(anonymous_17)
FNDA:0,(anonymous_18)
FNDA:0,(anonymous_19)
FNDA:0,(anonymous_20)
FNDA:1,(anonymous_21)
FNDA:0,(anonymous_22)
FNDA:0,(anonymous_23)
FNDA:1,(anonymous_24)
FNDA:1,(anonymous_25)
FNDA:0,(anonymous_26)
DA:12,2
DA:13,1
DA:14,1
DA:15,1
DA:16,1
DA:17,1
DA:19,1
DA:20,1
DA:25,1
DA:30,1
DA:31,0
DA:37,1
DA:38,0
DA:44,1
DA:45,0
DA:51,1
DA:52,0
DA:58,1
DA:59,0
DA:65,1
DA:66,0
DA:69,1
DA:70,0
DA:73,1
DA:74,1
DA:97,1
DA:98,0
DA:99,0
DA:103,0
DA:106,0
DA:107,0
DA:108,0
DA:111,0
DA:116,1
DA:117,0
DA:123,0
DA:124,0
DA:128,1
DA:129,1
DA:132,0
DA:136,0
DA:148,1
DA:149,0
DA:168,0
DA:222,1
DA:223,1
DA:224,1
DA:227,1
DA:228,0
DA:231,0
DA:232,0
DA:235,0
DA:239,1
DA:240,1
DA:249,1
DA:252,1
DA:258,1
DA:301,1
DA:372,0
DA:373,0
LF:60
LH:33
BRDA:22,0,0,1
BRDA:22,0,1,1
BRDA:25,1,0,1
BRDA:25,1,1,0
BRDA:100,2,0,0
BRDA:100,2,1,0
BRDA:120,3,0,0
BRDA:120,3,1,0
BRDA:223,4,0,0
BRDA:223,4,1,1
BRDA:229,5,0,0
BRDA:229,5,1,0
BRF:12
BRH:4
end_of_record
TN:
SF:src\lib\Invoices\footer\invoice-footer.tsx
FN:6,InvoiceFooter
FNF:1
FNH:1
FNDA:1,InvoiceFooter
DA:8,1
LF:1
LH:1
BRF:0
BRH:0
end_of_record
TN:
SF:src\lib\Invoices\header\invoice-header.tsx
FN:11,InvoiceHeader
FNF:1
FNH:1
FNDA:1,InvoiceHeader
DA:12,1
LF:1
LH:1
BRF:0
BRH:0
end_of_record
TN:
SF:src\lib\authentication\login\login.tsx
FN:9,Login
FN:15,(anonymous_1)
FN:23,(anonymous_2)
FN:31,(anonymous_3)
FN:35,(anonymous_4)
FN:40,(anonymous_5)
FNF:6
FNH:1
FNDA:3,Login
FNDA:0,(anonymous_1)
FNDA:0,(anonymous_2)
FNDA:0,(anonymous_3)
FNDA:0,(anonymous_4)
FNDA:0,(anonymous_5)
DA:10,3
DA:15,3
DA:16,0
DA:23,3
DA:24,0
DA:31,3
DA:32,0
DA:33,0
DA:36,0
DA:37,0
DA:38,0
DA:41,0
DA:45,3
LF:13
LH:5
BRF:0
BRH:0
end_of_record
TN:
SF:src\lib\authentication\register\register.tsx
FN:9,Register
FN:13,(anonymous_1)
FN:20,(anonymous_2)
FN:27,(anonymous_3)
FN:34,(anonymous_4)
FN:41,(anonymous_5)
FN:48,(anonymous_6)
FN:52,(anonymous_7)
FN:58,(anonymous_8)
FN:63,(anonymous_9)
FNF:10
FNH:1
FNDA:1,Register
FNDA:0,(anonymous_1)
FNDA:0,(anonymous_2)
FNDA:0,(anonymous_3)
FNDA:0,(anonymous_4)
FNDA:0,(anonymous_5)
FNDA:0,(anonymous_6)
FNDA:0,(anonymous_7)
FNDA:0,(anonymous_8)
FNDA:0,(anonymous_9)
DA:10,1
DA:11,1
DA:13,1
DA:14,0
DA:20,1
DA:21,0
DA:27,1
DA:28,0
DA:34,1
DA:35,0
DA:41,1
DA:42,0
DA:48,1
DA:49,0
DA:52,1
DA:53,0
DA:54,0
DA:56,0
DA:59,0
DA:63,1
DA:64,0
DA:67,1
LF:22
LH:11
BRDA:53,0,0,0
BRDA:53,0,1,0
BRF:2
BRH:0
end_of_record
TN:
SF:src\lib\calendar\calendar-ui.tsx
FN:26,CalendarUi
FN:54,renderEventContent
FN:88,(anonymous_2)
FN:93,(anonymous_3)
FN:97,(anonymous_4)
FN:110,(anonymous_5)
FN:117,(anonymous_6)
FN:124,(anonymous_7)
FN:131,(anonymous_8)
FN:138,(anonymous_9)
FN:196,(anonymous_10)
FN:237,(anonymous_11)
FN:251,(anonymous_12)
FNF:13
FNH:3
FNDA:2,CalendarUi
FNDA:0,renderEventContent
FNDA:1,(anonymous_2)
FNDA:1,(anonymous_3)
FNDA:0,(anonymous_4)
FNDA:0,(anonymous_5)
FNDA:0,(anonymous_6)
FNDA:0,(anonymous_7)
FNDA:0,(anonymous_8)
FNDA:0,(anonymous_9)
FNDA:0,(anonymous_10)
FNDA:0,(anonymous_11)
FNDA:0,(anonymous_12)
DA:28,2
DA:31,1
DA:44,1
DA:51,1
DA:76,0
DA:88,1
DA:89,1
DA:94,1
DA:95,1
DA:96,1
DA:97,1
DA:106,1
DA:110,1
DA:111,0
DA:117,1
DA:118,0
DA:124,1
DA:125,0
DA:131,1
DA:132,0
DA:138,1
DA:139,0
DA:142,1
DA:197,0
DA:238,0
DA:252,0
LF:26
LH:17
BRDA:91,0,0,1
BRDA:91,0,1,1
BRF:2
BRH:2
end_of_record
TN:
SF:src\lib\court-cases\add-court-case\add-court-case.tsx
FN:13,AddCourtCase
FN:20,(anonymous_1)
FN:26,(anonymous_2)
FN:31,(anonymous_3)
FN:38,(anonymous_4)
FN:45,(anonymous_5)
FN:52,(anonymous_6)
FN:59,(anonymous_7)
FN:66,(anonymous_8)
FN:73,(anonymous_9)
FN:128,(anonymous_10)
FN:140,(anonymous_11)
FNF:12
FNH:3
FNDA:1,AddCourtCase
FNDA:0,(anonymous_1)
FNDA:0,(anonymous_2)
FNDA:0,(anonymous_3)
FNDA:0,(anonymous_4)
FNDA:0,(anonymous_5)
FNDA:0,(anonymous_6)
FNDA:0,(anonymous_7)
FNDA:0,(anonymous_8)
FNDA:0,(anonymous_9)
FNDA:6,(anonymous_10)
FNDA:6,(anonymous_11)
DA:15,1
DA:16,1
DA:18,1
DA:20,1
DA:22,0
DA:25,0
DA:26,0
DA:27,0
DA:31,1
DA:32,0
DA:38,1
DA:39,0
DA:45,1
DA:46,0
DA:52,1
DA:53,0
DA:59,1
DA:60,0
DA:66,1
DA:67,0
DA:73,1
DA:74,0
DA:80,1
DA:129,6
DA:141,6
LF:25
LH:14
BRDA:23,0,0,0
BRDA:23,0,1,0
BRF:2
BRH:0
end_of_record
TN:
SF:src\lib\court-cases\case-management\court-cases.tsx
FN:8,CourtCases
FN:12,(anonymous_1)
FN:17,(anonymous_2)
FN:21,(anonymous_3)
FN:26,(anonymous_4)
FN:81,(anonymous_5)
FNF:6
FNH:3
FNDA:2,CourtCases
FNDA:1,(anonymous_1)
FNDA:1,(anonymous_2)
FNDA:0,(anonymous_3)
FNDA:0,(anonymous_4)
FNDA:0,(anonymous_5)
DA:9,2
DA:10,1
DA:12,1
DA:13,1
DA:18,1
DA:19,1
DA:22,0
DA:26,1
DA:27,0
DA:28,0
DA:31,1
DA:82,0
LF:12
LH:8
BRDA:15,0,0,1
BRDA:15,0,1,1
BRDA:18,1,0,1
BRDA:18,1,1,0
BRF:4
BRH:3
end_of_record
TN:
SF:src\lib\data-transfer-object\constants\constants.ts
FN:19,GetCaseTypes
FN:23,GetCaseOutcomes
FNF:2
FNH:2
FNDA:2,GetCaseTypes
FNDA:2,GetCaseOutcomes
DA:1,4
DA:10,4
DA:20,2
DA:24,2
LF:4
LH:4
BRF:0
BRH:0
end_of_record
TN:
SF:src\lib\data-transfer-object\court-case\court-case.dto.ts
FNF:0
FNH:0
LF:0
LH:0
BRF:0
BRH:0
end_of_record
TN:
SF:src\lib\data-transfer-object\invoice\invoice.dto.ts
FNF:0
FNH:0
LF:0
LH:0
BRF:0
BRH:0
end_of_record
TN:
SF:src\lib\data-transfer-object\user\user.dto.ts
FNF:0
FNH:0
LF:0
LH:0
BRF:0
BRH:0
end_of_record
TN:
SF:src\lib\data-transfer-object\user\user-login-request\user-login-request.dto.ts
FNF:0
FNH:0
LF:0
LH:0
BRF:0
BRH:0
end_of_record
TN:
SF:src\lib\file-management\file-management.tsx
FN:9,FileManagement
FN:15,(anonymous_1)
FN:18,(anonymous_2)
FN:23,(anonymous_3)
FN:29,(anonymous_4)
FN:35,(anonymous_5)
FN:44,(anonymous_6)
FN:56,(anonymous_7)
FN:66,(anonymous_8)
FNF:9
FNH:3
FNDA:2,FileManagement
FNDA:1,(anonymous_1)
FNDA:1,(anonymous_2)
FNDA:0,(anonymous_3)
FNDA:0,(anonymous_4)
FNDA:0,(anonymous_5)
FNDA:0,(anonymous_6)
FNDA:0,(anonymous_7)
FNDA:0,(anonymous_8)
DA:10,2
DA:11,1
DA:12,1
DA:13,1
DA:15,1
DA:16,1
DA:19,1
DA:23,1
DA:26,0
DA:29,1
DA:32,0
DA:35,1
DA:41,0
DA:44,1
DA:45,0
DA:47,0
DA:48,0
DA:50,0
DA:51,0
DA:52,0
DA:54,0
DA:57,0
DA:62,1
DA:67,0
LF:24
LH:12
BRDA:45,0,0,0
BRDA:45,0,1,0
BRDA:45,1,0,0
BRDA:45,1,1,0
BRF:4
BRH:0
end_of_record
TN:
SF:src\lib\navigation\navigation.tsx
FN:14,Navigation
FNF:1
FNH:1
FNDA:2,Navigation
DA:15,2
LF:1
LH:1
BRF:0
BRH:0
end_of_record
TN:
SF:src\lib\contracts\requests\authentication\update-password-request\update-password-request.ts
FNF:0
FNH:0
DA:1,1
DA:3,1
DA:5,1
DA:8,1
LF:4
LH:4
BRF:0
BRH:0
end_of_record
TN:
SF:src\lib\contracts\requests\authentication\user-edit-request\user-edit-request.ts
FNF:0
FNH:0
DA:1,1
DA:3,1
DA:5,1
DA:8,1
DA:11,1
DA:14,1
LF:6
LH:6
BRF:0
BRH:0
end_of_record
TN:
SF:src\lib\contracts\requests\authentication\user-email-request\user-email-request.ts
FNF:0
FNH:0
DA:1,1
DA:3,1
DA:5,1
LF:3
LH:3
BRF:0
BRH:0
end_of_record
TN:
SF:src\lib\contracts\requests\authentication\user-login-request\user-login-request.ts
FNF:0
FNH:0
DA:1,1
DA:3,1
DA:5,1
DA:8,1
LF:4
LH:4
BRF:0
BRH:0
end_of_record
TN:
SF:src\lib\contracts\requests\authentication\user-register-request\user-register-request.ts
FNF:0
FNH:0
DA:1,1
DA:3,1
DA:5,1
DA:8,1
DA:11,1
DA:14,1
DA:17,1
LF:7
LH:7
BRF:0
BRH:0
end_of_record
TN:
SF:src\lib\contracts\requests\documents\get-document-request\get-document-request.ts
FNF:0
FNH:0
DA:1,1
DA:3,1
DA:5,1
LF:3
LH:3
BRF:0
BRH:0
end_of_record
TN:
SF:src\lib\contracts\requests\documents\upload-document-request\upload-document-request.ts
FNF:0
FNH:0
DA:1,1
DA:3,1
DA:5,1
DA:8,1
DA:11,1
DA:14,1
LF:6
LH:6
BRF:0
BRH:0
end_of_record
TN:
SF:src\lib\contracts\requests\invoices\get-invoices-by-case-number-request\get-invoices-by-case-number-request.ts
FNF:0
FNH:0
DA:1,1
DA:3,1
DA:5,1
DA:8,1
LF:4
LH:4
BRF:0
BRH:0
end_of_record
TN:
SF:src\lib\contracts\requests\invoices\get-invoices-by-id\get-invoices-by-id-request.ts
FNF:0
FNH:0
DA:1,1
DA:3,1
DA:5,1
DA:8,1
LF:4
LH:4
BRF:0
BRH:0
end_of_record
TN:
SF:src\lib\contracts\requests\invoices\get-invoices-by-invoice-number-request\get-invoices-by-invoice-number-request.ts
FNF:0
FNH:0
DA:1,1
DA:3,1
DA:5,1
DA:8,1
LF:4
LH:4
BRF:0
BRH:0
end_of_record
TN:
SF:src\lib\court-case\court-case.ts
FNF:0
FNH:0
DA:1,1
DA:3,1
DA:5,1
DA:8,1
DA:11,1
DA:14,1
DA:17,1
DA:20,1
DA:23,1
DA:26,1
DA:29,1
DA:32,1
DA:35,1
LF:13
LH:13
BRF:0
BRH:0
end_of_record
TN:
SF:src\lib\documents\documents.ts
FNF:0
FNH:0
DA:1,1
DA:3,1
DA:5,1
DA:8,1
DA:11,1
DA:14,1
DA:17,1
LF:7
LH:7
BRF:0
BRH:0
end_of_record
TN:
SF:src\lib\invoice\invoice.ts
FNF:0
FNH:0
DA:1,1
DA:3,1
DA:6,1
DA:9,1
DA:12,1
DA:15,1
DA:18,1
DA:21,1
DA:24,1
DA:27,1
LF:10
LH:10
BRF:0
BRH:0
end_of_record
TN:
SF:src\lib\lawyer\lawyer.ts
FNF:0
FNH:0
DA:1,1
DA:5,1
DA:7,1
DA:9,1
DA:14,1
DA:19,1
DA:24,1
DA:29,1
DA:32,1
DA:35,1
DA:38,1
LF:11
LH:11
BRF:0
BRH:0
end_of_record
TN:
SF:src\lib\user\user.ts
FNF:0
FNH:0
DA:1,1
DA:3,1
DA:5,1
DA:8,1
DA:11,1
DA:14,1
DA:17,1
DA:20,1
DA:23,1
DA:26,1
LF:10
LH:10
BRF:0
BRH:0
end_of_record
TN:
SF:src\lib\authentication-api.controller.ts
FN:12,(anonymous_0)
FN:16,(anonymous_1)
FN:21,(anonymous_3)
FN:27,(anonymous_5)
FN:33,(anonymous_7)
FN:38,(anonymous_9)
FN:43,(anonymous_11)
FN:49,(anonymous_13)
FNF:8
FNH:7
FNDA:7,(anonymous_0)
FNDA:2,(anonymous_1)
FNDA:1,(anonymous_3)
FNDA:0,(anonymous_5)
FNDA:1,(anonymous_7)
FNDA:1,(anonymous_9)
FNDA:1,(anonymous_11)
FNDA:1,(anonymous_13)
DA:1,1
DA:2,1
DA:3,1
DA:4,1
DA:5,1
DA:6,1
DA:10,1
DA:12,7
DA:16,1
DA:17,2
DA:21,1
DA:22,1
DA:23,1
DA:27,1
DA:28,0
DA:33,1
DA:34,1
DA:38,1
DA:39,1
DA:43,1
DA:44,1
DA:49,1
DA:50,1
LF:23
LH:22
BRF:0
BRH:0
end_of_record
TN:
SF:src\lib\Guard\authentication.guard.ts
FN:14,(anonymous_0)
FN:16,(anonymous_1)
FN:40,(anonymous_3)
FNF:3
FNH:1
FNDA:8,(anonymous_0)
FNDA:0,(anonymous_1)
FNDA:0,(anonymous_3)
DA:1,2
DA:7,2
DA:9,2
DA:12,2
DA:14,8
DA:19,0
DA:20,0
DA:21,0
DA:22,0
DA:24,0
DA:25,0
DA:33,0
DA:35,0
DA:37,0
DA:41,0
DA:42,0
LF:16
LH:5
BRDA:21,0,0,0
BRDA:41,1,0,0
BRDA:41,1,1,0
BRDA:41,2,0,0
BRDA:41,2,1,0
BRDA:41,3,0,0
BRDA:41,3,1,0
BRDA:41,4,0,0
BRDA:41,4,1,0
BRDA:42,5,0,0
BRDA:42,5,1,0
BRF:11
BRH:0
end_of_record
TN:
SF:src\lib\Guard\refresh-token.guard.ts
FNF:0
FNH:0
DA:1,1
DA:2,1
DA:5,1
LF:3
LH:3
BRF:0
BRH:0
end_of_record
TN:
SF:src\lib\authetication-repostiory.ts
FN:9,(anonymous_0)
FN:12,(anonymous_1)
FN:34,(anonymous_3)
FN:49,(anonymous_5)
FN:66,(anonymous_7)
FN:85,(anonymous_9)
FN:100,(anonymous_11)
FNF:7
FNH:7
FNDA:8,(anonymous_0)
FNDA:1,(anonymous_1)
FNDA:1,(anonymous_3)
FNDA:1,(anonymous_5)
FNDA:1,(anonymous_7)
FNDA:1,(anonymous_9)
FNDA:1,(anonymous_11)
DA:1,1
DA:3,1
DA:4,1
DA:7,1
DA:9,8
DA:14,1
DA:15,1
DA:17,1
DA:18,1
DA:30,1
DA:31,1
DA:35,1
DA:36,1
DA:44,1
DA:45,1
DA:46,1
DA:50,1
DA:51,1
DA:62,1
DA:63,1
DA:67,1
DA:68,1
DA:70,1
DA:71,1
DA:81,1
DA:82,1
DA:86,1
DA:87,1
DA:96,1
DA:97,1
DA:101,1
DA:102,1
DA:108,1
DA:109,1
LF:34
LH:34
BRF:0
BRH:0
end_of_record
TN:
SF:src\lib\authentication-service.service.ts
FN:10,(anonymous_0)
FN:14,(anonymous_1)
FN:18,(anonymous_3)
FN:57,(anonymous_5)
FN:69,(anonymous_7)
FN:81,(anonymous_9)
FN:93,(anonymous_11)
FN:97,(anonymous_13)
FNF:8
FNH:6
FNDA:7,(anonymous_0)
FNDA:1,(anonymous_1)
FNDA:1,(anonymous_3)
FNDA:0,(anonymous_5)
FNDA:1,(anonymous_7)
FNDA:1,(anonymous_9)
FNDA:1,(anonymous_11)
FNDA:0,(anonymous_13)
DA:2,1
DA:3,1
DA:4,1
DA:5,1
DA:6,1
DA:9,1
DA:11,7
DA:12,7
DA:15,1
DA:20,1
DA:21,1
DA:22,1
DA:23,0
DA:29,1
DA:30,1
DA:31,1
DA:32,1
DA:33,1
DA:34,0
DA:35,0
DA:39,0
DA:43,0
DA:44,0
DA:51,1
DA:59,0
DA:61,0
DA:62,0
DA:65,0
DA:71,1
DA:73,1
DA:74,1
DA:77,0
DA:83,1
DA:85,1
DA:86,1
DA:89,0
DA:94,1
DA:98,0
DA:100,0
DA:101,0
DA:106,0
DA:107,0
DA:112,0
DA:113,0
DA:118,0
LF:45
LH:25
BRDA:22,0,0,0
BRDA:22,1,0,1
BRDA:22,1,1,1
BRDA:22,1,2,1
BRDA:22,1,3,1
BRDA:31,2,0,1
BRDA:32,3,0,1
BRDA:32,3,1,0
BRDA:33,4,0,0
BRDA:33,5,0,0
BRDA:33,5,1,1
BRDA:33,6,0,1
BRDA:33,6,1,1
BRDA:61,7,0,0
BRDA:61,7,1,0
BRDA:73,8,0,1
BRDA:73,8,1,0
BRDA:85,9,0,1
BRDA:85,9,1,0
BRDA:100,10,0,0
BRDA:100,11,0,0
BRDA:100,11,1,0
BRDA:106,12,0,0
BRF:23
BRH:11
end_of_record
TN:
SF:src\lib\court-cases-api.controller.ts
FN:11,(anonymous_0)
FN:18,(anonymous_1)
FN:27,(anonymous_2)
FN:36,(anonymous_3)
FN:44,(anonymous_4)
FN:52,(anonymous_5)
FN:60,(anonymous_6)
FN:68,(anonymous_7)
FNF:8
FNH:8
FNDA:14,(anonymous_0)
FNDA:2,(anonymous_1)
FNDA:1,(anonymous_2)
FNDA:2,(anonymous_3)
FNDA:2,(anonymous_4)
FNDA:2,(anonymous_5)
FNDA:2,(anonymous_6)
FNDA:2,(anonymous_7)
DA:1,1
DA:2,1
DA:3,1
DA:4,1
DA:5,1
DA:10,1
DA:11,14
DA:18,1
DA:20,2
DA:27,1
DA:28,1
DA:36,1
DA:37,2
DA:44,1
DA:45,2
DA:52,1
DA:53,2
DA:60,1
DA:61,2
DA:68,1
DA:69,2
LF:21
LH:21
BRF:0
BRH:0
end_of_record
TN:
SF:src\lib\court-case-repository.ts
FN:8,(anonymous_0)
FN:11,(anonymous_1)
FN:46,(anonymous_3)
FN:79,(anonymous_5)
FN:97,(anonymous_7)
FN:114,(anonymous_9)
FN:132,(anonymous_11)
FNF:7
FNH:7
FNDA:8,(anonymous_0)
FNDA:1,(anonymous_1)
FNDA:1,(anonymous_3)
FNDA:1,(anonymous_5)
FNDA:1,(anonymous_7)
FNDA:1,(anonymous_9)
FNDA:1,(anonymous_11)
DA:1,1
DA:2,1
DA:6,1
DA:8,8
DA:12,1
DA:13,1
DA:14,1
DA:16,1
DA:39,1
DA:40,1
DA:42,0
DA:47,1
DA:48,1
DA:50,1
DA:72,1
DA:73,1
DA:75,0
DA:80,1
DA:81,1
DA:83,1
DA:90,1
DA:91,1
DA:93,0
DA:98,1
DA:99,1
DA:101,1
DA:107,1
DA:108,1
DA:110,0
DA:115,1
DA:116,1
DA:118,1
DA:125,1
DA:126,1
DA:128,0
DA:133,1
DA:134,1
DA:136,1
DA:143,1
DA:144,1
DA:146,0
LF:41
LH:35
BRF:0
BRH:0
end_of_record
TN:
SF:src\lib\court-cases-service.service.ts
FN:8,(anonymous_0)
FN:13,(anonymous_1)
FN:32,(anonymous_3)
FN:45,(anonymous_5)
FN:59,(anonymous_7)
FN:72,(anonymous_9)
FN:83,(anonymous_11)
FN:93,(anonymous_13)
FN:107,(anonymous_14)
FN:121,(anonymous_16)
FNF:10
FNH:9
FNDA:13,(anonymous_0)
FNDA:2,(anonymous_1)
FNDA:2,(anonymous_3)
FNDA:2,(anonymous_5)
FNDA:2,(anonymous_7)
FNDA:2,(anonymous_9)
FNDA:2,(anonymous_11)
FNDA:1,(anonymous_13)
FNDA:0,(anonymous_14)
FNDA:4,(anonymous_16)
DA:1,1
DA:2,1
DA:4,1
DA:7,1
DA:9,13
DA:10,13
DA:15,2
DA:17,2
DA:18,0
DA:20,2
DA:21,2
DA:23,2
DA:24,2
DA:25,1
DA:28,1
DA:33,2
DA:35,2
DA:36,2
DA:37,2
DA:38,1
DA:41,1
DA:47,2
DA:49,2
DA:51,2
DA:52,1
DA:55,1
DA:60,2
DA:62,2
DA:64,2
DA:65,2
DA:68,0
DA:73,2
DA:75,2
DA:76,2
DA:78,0
DA:80,0
DA:86,2
DA:88,2
DA:90,2
DA:91,0
DA:93,2
DA:94,1
DA:97,2
DA:99,2
DA:103,0
DA:109,0
DA:111,0
DA:113,0
DA:114,0
DA:117,0
DA:123,4
DA:125,4
LF:52
LH:41
BRDA:17,0,0,0
BRDA:17,1,0,2
BRDA:17,1,1,0
BRDA:17,2,0,0
BRDA:17,2,1,2
BRDA:17,3,0,2
BRDA:17,3,1,2
BRDA:21,4,0,2
BRDA:21,4,1,0
BRDA:21,5,0,0
BRDA:21,5,1,2
BRDA:21,6,0,2
BRDA:21,6,1,2
BRDA:24,7,0,1
BRDA:24,7,1,1
BRDA:35,8,0,2
BRDA:35,8,1,0
BRDA:35,9,0,0
BRDA:35,9,1,2
BRDA:35,10,0,2
BRDA:35,10,1,2
BRDA:37,11,0,1
BRDA:37,11,1,1
BRDA:49,12,0,2
BRDA:49,12,1,0
BRDA:49,13,0,0
BRDA:49,13,1,2
BRDA:49,14,0,2
BRDA:49,14,1,2
BRDA:51,15,0,1
BRDA:51,15,1,1
BRDA:62,16,0,2
BRDA:62,16,1,0
BRDA:62,17,0,0
BRDA:62,17,1,2
BRDA:62,18,0,2
BRDA:62,18,1,2
BRDA:64,19,0,2
BRDA:64,19,1,0
BRDA:75,20,0,2
BRDA:75,21,0,2
BRDA:75,21,1,0
BRDA:75,22,0,0
BRDA:75,22,1,2
BRDA:75,23,0,2
BRDA:75,23,1,2
BRDA:78,24,0,0
BRDA:78,24,1,0
BRDA:78,25,0,0
BRDA:78,25,1,0
BRDA:78,26,0,0
BRDA:78,26,1,0
BRDA:88,27,0,2
BRDA:88,27,1,0
BRDA:88,28,0,0
BRDA:88,28,1,2
BRDA:88,29,0,2
BRDA:88,29,1,2
BRDA:90,30,0,0
BRDA:97,31,0,2
BRDA:97,31,1,0
BRDA:111,32,0,0
BRDA:111,32,1,0
BRDA:111,33,0,0
BRDA:111,33,1,0
BRDA:111,34,0,0
BRDA:111,34,1,0
BRDA:113,35,0,0
BRDA:113,35,1,0
BRDA:125,36,0,0
BRDA:125,36,1,4
BRF:71
BRH:38
end_of_record
TN:
SF:src\lib\documents-api.controller.ts
FN:14,(anonymous_0)
FN:20,(anonymous_1)
FN:38,(anonymous_2)
FN:51,(anonymous_3)
FN:27,(anonymous_4)
FN:29,(anonymous_5)
FNF:6
FNH:3
FNDA:4,(anonymous_0)
FNDA:2,(anonymous_1)
FNDA:0,(anonymous_2)
FNDA:1,(anonymous_3)
FNDA:0,(anonymous_4)
FNDA:0,(anonymous_5)
DA:1,1
DA:2,1
DA:3,1
DA:4,1
DA:5,1
DA:6,1
DA:7,1
DA:12,1
DA:14,4
DA:20,1
DA:21,2
DA:29,0
DA:31,0
DA:38,1
DA:39,0
DA:45,0
DA:51,1
DA:52,1
LF:18
LH:14
BRF:0
BRH:0
end_of_record
TN:
SF:src\lib\documents-repository.ts
FN:8,(anonymous_0)
FN:11,(anonymous_1)
FN:28,(anonymous_3)
FN:44,(anonymous_5)
FNF:4
FNH:1
FNDA:1,(anonymous_0)
FNDA:0,(anonymous_1)
FNDA:0,(anonymous_3)
FNDA:0,(anonymous_5)
DA:2,1
DA:3,1
DA:6,1
DA:8,1
DA:13,0
DA:14,0
DA:24,0
DA:30,0
DA:31,0
DA:38,0
DA:40,0
DA:46,0
DA:47,0
DA:53,0
DA:55,0
LF:15
LH:4
BRF:0
BRH:0
end_of_record
TN:
SF:src\lib\documents-service.service.ts
FN:9,(anonymous_0)
FN:13,(anonymous_1)
FN:26,(anonymous_3)
FN:38,(anonymous_5)
FNF:4
FNH:1
FNDA:1,(anonymous_0)
FNDA:0,(anonymous_1)
FNDA:0,(anonymous_3)
FNDA:0,(anonymous_5)
DA:1,1
DA:3,1
DA:4,1
DA:7,1
DA:10,1
DA:11,1
DA:16,0
DA:18,0
DA:20,0
DA:21,0
DA:23,0
DA:28,0
DA:30,0
DA:32,0
DA:33,0
DA:35,0
DA:41,0
DA:43,0
DA:45,0
DA:46,0
DA:48,0
LF:21
LH:6
BRDA:18,0,0,0
BRDA:18,0,1,0
BRDA:18,1,0,0
BRDA:18,1,1,0
BRDA:18,2,0,0
BRDA:18,2,1,0
BRDA:20,3,0,0
BRDA:20,3,1,0
BRDA:30,4,0,0
BRDA:30,4,1,0
BRDA:30,5,0,0
BRDA:30,5,1,0
BRDA:30,6,0,0
BRDA:30,6,1,0
BRDA:32,7,0,0
BRDA:32,7,1,0
BRDA:43,8,0,0
BRDA:43,8,1,0
BRDA:43,9,0,0
BRDA:43,9,1,0
BRDA:43,10,0,0
BRDA:43,10,1,0
BRDA:45,11,0,0
BRDA:45,11,1,0
BRF:24
BRH:0
end_of_record
TN:
SF:src\lib\invoices-api.controller.ts
FN:9,(anonymous_0)
FN:12,(anonymous_1)
FN:17,(anonymous_2)
FN:22,(anonymous_3)
FN:27,(anonymous_4)
FN:32,(anonymous_5)
FNF:6
FNH:1
FNDA:1,(anonymous_0)
FNDA:0,(anonymous_1)
FNDA:0,(anonymous_2)
FNDA:0,(anonymous_3)
FNDA:0,(anonymous_4)
FNDA:0,(anonymous_5)
DA:1,1
DA:2,1
DA:3,1
DA:4,1
DA:7,1
DA:9,1
DA:12,1
DA:13,0
DA:17,1
DA:18,0
DA:22,1
DA:23,0
DA:27,1
DA:28,0
DA:32,1
DA:33,0
LF:16
LH:11
BRF:0
BRH:0
end_of_record
TN:
SF:src\lib\invoices-respository.ts
FN:8,(anonymous_0)
FN:11,(anonymous_1)
FN:37,(anonymous_3)
FN:56,(anonymous_5)
FN:70,(anonymous_7)
FN:84,(anonymous_9)
FNF:6
FNH:1
FNDA:1,(anonymous_0)
FNDA:0,(anonymous_1)
FNDA:0,(anonymous_3)
FNDA:0,(anonymous_5)
FNDA:0,(anonymous_7)
FNDA:0,(anonymous_9)
DA:2,1
DA:3,1
DA:6,1
DA:8,1
DA:12,0
DA:14,0
DA:33,0
DA:34,0
DA:38,0
DA:40,0
DA:52,0
DA:53,0
DA:57,0
DA:59,0
DA:66,0
DA:67,0
DA:71,0
DA:73,0
DA:80,0
DA:81,0
DA:85,0
DA:87,0
DA:94,0
DA:95,0
LF:24
LH:4
BRF:0
BRH:0
end_of_record
TN:
SF:src\lib\invoices-service.service.ts
FN:9,(anonymous_0)
FN:16,(anonymous_1)
FN:24,(anonymous_3)
FN:31,(anonymous_5)
FN:40,(anonymous_7)
FN:49,(anonymous_9)
FN:59,(anonymous_11)
FNF:7
FNH:1
FNDA:1,(anonymous_0)
FNDA:0,(anonymous_1)
FNDA:0,(anonymous_3)
FNDA:0,(anonymous_5)
FNDA:0,(anonymous_7)
FNDA:0,(anonymous_9)
FNDA:0,(anonymous_11)
DA:1,1
DA:3,1
DA:4,1
DA:7,1
DA:9,1
DA:10,1
DA:17,0
DA:18,0
DA:20,0
DA:21,0
DA:25,0
DA:26,0
DA:28,0
DA:32,0
DA:33,0
DA:35,0
DA:37,0
DA:41,0
DA:42,0
DA:44,0
DA:46,0
DA:50,0
DA:51,0
DA:53,0
DA:55,0
DA:61,0
DA:62,0
DA:63,0
DA:64,0
DA:65,0
DA:66,0
DA:67,0
DA:68,0
DA:69,0
DA:70,0
DA:71,0
DA:72,0
DA:74,0
LF:38
LH:6
BRDA:17,0,0,0
BRDA:25,1,0,0
BRDA:32,2,0,0
BRDA:32,3,0,0
BRDA:32,3,1,0
BRDA:41,4,0,0
BRDA:41,5,0,0
BRDA:41,5,1,0
BRDA:50,6,0,0
BRDA:50,7,0,0
BRDA:50,7,1,0
BRDA:61,8,0,0
BRDA:63,9,0,0
BRDA:65,10,0,0
BRDA:67,11,0,0
BRDA:69,12,0,0
BRDA:71,13,0,0
BRF:17
BRH:0
end_of_record
TN:
SF:src\lib\lawyer-api.controller.ts
FN:11,(anonymous_0)
FN:19,(anonymous_1)
FN:27,(anonymous_2)
FN:34,(anonymous_3)
FN:41,(anonymous_4)
FN:48,(anonymous_5)
FN:55,(anonymous_6)
FNF:7
FNH:7
FNDA:13,(anonymous_0)
FNDA:2,(anonymous_1)
FNDA:2,(anonymous_2)
FNDA:2,(anonymous_3)
FNDA:2,(anonymous_4)
FNDA:2,(anonymous_5)
FNDA:2,(anonymous_6)
DA:1,1
DA:2,1
DA:3,1
DA:4,1
DA:9,1
DA:12,13
DA:19,1
DA:20,2
DA:27,1
DA:28,2
DA:34,1
DA:35,2
DA:41,1
DA:42,2
DA:48,1
DA:49,2
DA:55,1
DA:56,2
LF:18
LH:18
BRF:0
BRH:0
end_of_record
TN:
SF:src\lib\lawyer-repository.ts
FN:8,(anonymous_0)
FN:10,(anonymous_1)
FN:23,(anonymous_3)
FN:36,(anonymous_5)
FN:52,(anonymous_7)
FN:71,(anonymous_9)
FN:84,(anonymous_11)
FNF:7
FNH:6
FNDA:7,(anonymous_0)
FNDA:1,(anonymous_1)
FNDA:1,(anonymous_3)
FNDA:1,(anonymous_5)
FNDA:1,(anonymous_7)
FNDA:1,(anonymous_9)
FNDA:0,(anonymous_11)
DA:1,1
DA:3,1
DA:7,1
DA:8,7
DA:11,1
DA:12,1
DA:17,1
DA:19,0
DA:24,1
DA:25,1
DA:30,1
DA:32,0
DA:37,1
DA:38,1
DA:46,1
DA:48,0
DA:53,1
DA:54,1
DA:65,1
DA:67,0
DA:72,1
DA:73,1
DA:78,1
DA:80,0
DA:85,0
DA:86,0
DA:87,0
DA:89,0
LF:28
LH:19
BRF:0
BRH:0
end_of_record
TN:
SF:src\lib\lawyer-service.service.ts
FN:9,(anonymous_0)
FN:15,(anonymous_1)
FN:25,(anonymous_3)
FN:36,(anonymous_5)
FN:46,(anonymous_7)
FN:59,(anonymous_9)
FN:68,(anonymous_11)
FN:78,(anonymous_13)
FN:84,(anonymous_15)
FNF:9
FNH:9
FNDA:13,(anonymous_0)
FNDA:2,(anonymous_1)
FNDA:2,(anonymous_3)
FNDA:2,(anonymous_5)
FNDA:2,(anonymous_7)
FNDA:2,(anonymous_9)
FNDA:2,(anonymous_11)
FNDA:4,(anonymous_13)
FNDA:2,(anonymous_15)
DA:2,1
DA:3,1
DA:7,1
DA:10,13
DA:16,2
DA:18,2
DA:19,1
DA:22,1
DA:27,2
DA:29,2
DA:30,1
DA:33,1
DA:37,2
DA:39,2
DA:40,1
DA:43,1
DA:47,2
DA:48,1
DA:50,1
DA:52,1
DA:53,0
DA:56,1
DA:60,2
DA:61,2
DA:63,0
DA:65,0
DA:70,2
DA:71,2
DA:73,0
DA:75,0
DA:79,4
DA:81,4
DA:85,2
DA:87,2
LF:34
LH:29
BRDA:18,0,0,1
BRDA:29,1,0,1
BRDA:39,2,0,1
BRDA:47,3,0,1
BRDA:52,4,0,0
BRDA:60,5,0,2
BRDA:70,6,0,2
BRDA:81,7,0,0
BRDA:81,7,1,4
BRDA:87,8,0,1
BRDA:87,8,1,1
BRF:11
BRH:9
end_of_record
TN:
SF:src\lib\cms-ui-library.tsx
FN:15,CmsUiLibrary
FN:21,(anonymous_1)
FN:34,(anonymous_2)
FN:41,(anonymous_3)
FN:72,(anonymous_4)
FN:79,(anonymous_5)
FN:82,(anonymous_6)
FN:83,(anonymous_7)
FN:89,(anonymous_8)
FN:94,(anonymous_9)
FNF:10
FNH:1
FNDA:1,CmsUiLibrary
FNDA:0,(anonymous_1)
FNDA:0,(anonymous_2)
FNDA:0,(anonymous_3)
FNDA:0,(anonymous_4)
FNDA:0,(anonymous_5)
FNDA:0,(anonymous_6)
FNDA:0,(anonymous_7)
FNDA:0,(anonymous_8)
FNDA:0,(anonymous_9)
DA:16,1
DA:17,1
DA:18,1
DA:20,1
DA:24,0
DA:25,0
DA:27,0
DA:29,0
DA:30,0
DA:32,0
DA:36,0
DA:37,0
DA:41,1
DA:43,0
DA:48,0
DA:49,0
DA:51,0
DA:53,0
DA:54,0
DA:55,0
DA:56,0
DA:57,0
DA:58,0
DA:59,0
DA:73,0
DA:74,0
DA:75,0
DA:79,0
DA:80,0
DA:82,0
DA:83,0
DA:85,0
DA:87,0
DA:90,0
DA:94,0
DA:95,0
DA:100,1
LF:37
LH:6
BRDA:24,0,0,0
BRDA:24,0,1,0
BRDA:29,1,0,0
BRDA:29,1,1,0
BRDA:43,2,0,0
BRDA:43,2,1,0
BRDA:44,3,0,0
BRDA:44,3,1,0
BRDA:44,3,2,0
BRDA:54,4,0,0
BRDA:54,4,1,0
BRDA:56,5,0,0
BRDA:56,5,1,0
BRDA:74,6,0,0
BRDA:74,6,1,0
BRF:15
BRH:0
end_of_record
TN:
SF:src\lib\Invoices\invoice.tsx
FN:11,Invoice
FN:19,(anonymous_1)
FN:24,(anonymous_2)
FN:30,(anonymous_3)
FN:37,(anonymous_4)
FN:44,(anonymous_5)
FN:51,(anonymous_6)
FN:58,(anonymous_7)
FN:65,(anonymous_8)
FN:69,(anonymous_9)
FN:73,(anonymous_10)
FN:97,(anonymous_11)
FN:105,(anonymous_12)
FN:110,(anonymous_13)
FN:116,(anonymous_14)
FN:122,(anonymous_15)
FN:128,(anonymous_16)
FN:131,(anonymous_17)
FN:135,(anonymous_18)
FN:148,(anonymous_19)
FN:167,(anonymous_20)
FN:222,(anonymous_21)
FN:227,(anonymous_22)
FN:234,(anonymous_23)
FN:239,(anonymous_24)
FN:252,(anonymous_25)
FN:371,(anonymous_26)
FNF:27
FNH:8
FNDA:2,Invoice
FNDA:1,(anonymous_1)
FNDA:1,(anonymous_2)
FNDA:0,(anonymous_3)
FNDA:0,(anonymous_4)
FNDA:0,(anonymous_5)
FNDA:0,(anonymous_6)
FNDA:0,(anonymous_7)
FNDA:0,(anonymous_8)
FNDA:0,(anonymous_9)
FNDA:1,(anonymous_10)
FNDA:0,(anonymous_11)
FNDA:0,(anonymous_12)
FNDA:0,(anonymous_13)
FNDA:0,(anonymous_14)
FNDA:0,(anonymous_15)
FNDA:1,(anonymous_16)
FNDA:0,(anonymous_17)
FNDA:0,(anonymous_18)
FNDA:0,(anonymous_19)
FNDA:0,(anonymous_20)
FNDA:1,(anonymous_21)
FNDA:0,(anonymous_22)
FNDA:0,(anonymous_23)
FNDA:1,(anonymous_24)
FNDA:1,(anonymous_25)
FNDA:0,(anonymous_26)
DA:12,2
DA:13,1
DA:14,1
DA:15,1
DA:16,1
DA:17,1
DA:19,1
DA:20,1
DA:25,1
DA:30,1
DA:31,0
DA:37,1
DA:38,0
DA:44,1
DA:45,0
DA:51,1
DA:52,0
DA:58,1
DA:59,0
DA:65,1
DA:66,0
DA:69,1
DA:70,0
DA:73,1
DA:74,1
DA:97,1
DA:98,0
DA:99,0
DA:103,0
DA:106,0
DA:107,0
DA:108,0
DA:111,0
DA:116,1
DA:117,0
DA:123,0
DA:124,0
DA:128,1
DA:129,1
DA:132,0
DA:136,0
DA:148,1
DA:149,0
DA:168,0
DA:222,1
DA:223,1
DA:224,1
DA:227,1
DA:228,0
DA:231,0
DA:232,0
DA:235,0
DA:239,1
DA:240,1
DA:249,1
DA:252,1
DA:258,1
DA:301,1
DA:372,0
DA:373,0
LF:60
LH:33
BRDA:22,0,0,1
BRDA:22,0,1,1
BRDA:25,1,0,1
BRDA:25,1,1,0
BRDA:100,2,0,0
BRDA:100,2,1,0
BRDA:120,3,0,0
BRDA:120,3,1,0
BRDA:223,4,0,0
BRDA:223,4,1,1
BRDA:229,5,0,0
BRDA:229,5,1,0
BRF:12
BRH:4
end_of_record
TN:
SF:src\lib\Invoices\footer\invoice-footer.tsx
FN:6,InvoiceFooter
FNF:1
FNH:1
FNDA:1,InvoiceFooter
DA:8,1
LF:1
LH:1
BRF:0
BRH:0
end_of_record
TN:
SF:src\lib\Invoices\header\invoice-header.tsx
FN:11,InvoiceHeader
FNF:1
FNH:1
FNDA:1,InvoiceHeader
DA:12,1
LF:1
LH:1
BRF:0
BRH:0
end_of_record
TN:
SF:src\lib\authentication\login\login.tsx
FN:9,Login
FN:15,(anonymous_1)
FN:23,(anonymous_2)
FN:31,(anonymous_3)
FN:35,(anonymous_4)
FN:40,(anonymous_5)
FNF:6
FNH:1
FNDA:3,Login
FNDA:0,(anonymous_1)
FNDA:0,(anonymous_2)
FNDA:0,(anonymous_3)
FNDA:0,(anonymous_4)
FNDA:0,(anonymous_5)
DA:10,3
DA:15,3
DA:16,0
DA:23,3
DA:24,0
DA:31,3
DA:32,0
DA:33,0
DA:36,0
DA:37,0
DA:38,0
DA:41,0
DA:45,3
LF:13
LH:5
BRF:0
BRH:0
end_of_record
TN:
SF:src\lib\authentication\register\register.tsx
FN:9,Register
FN:13,(anonymous_1)
FN:20,(anonymous_2)
FN:27,(anonymous_3)
FN:34,(anonymous_4)
FN:41,(anonymous_5)
FN:48,(anonymous_6)
FN:52,(anonymous_7)
FN:58,(anonymous_8)
FN:63,(anonymous_9)
FNF:10
FNH:1
FNDA:1,Register
FNDA:0,(anonymous_1)
FNDA:0,(anonymous_2)
FNDA:0,(anonymous_3)
FNDA:0,(anonymous_4)
FNDA:0,(anonymous_5)
FNDA:0,(anonymous_6)
FNDA:0,(anonymous_7)
FNDA:0,(anonymous_8)
FNDA:0,(anonymous_9)
DA:10,1
DA:11,1
DA:13,1
DA:14,0
DA:20,1
DA:21,0
DA:27,1
DA:28,0
DA:34,1
DA:35,0
DA:41,1
DA:42,0
DA:48,1
DA:49,0
DA:52,1
DA:53,0
DA:54,0
DA:56,0
DA:59,0
DA:63,1
DA:64,0
DA:67,1
LF:22
LH:11
BRDA:53,0,0,0
BRDA:53,0,1,0
BRF:2
BRH:0
end_of_record
TN:
SF:src\lib\calendar\calendar-ui.tsx
FN:26,CalendarUi
FN:54,renderEventContent
FN:88,(anonymous_2)
FN:93,(anonymous_3)
FN:97,(anonymous_4)
FN:110,(anonymous_5)
FN:117,(anonymous_6)
FN:124,(anonymous_7)
FN:131,(anonymous_8)
FN:138,(anonymous_9)
FN:196,(anonymous_10)
FN:237,(anonymous_11)
FN:251,(anonymous_12)
FNF:13
FNH:3
FNDA:2,CalendarUi
FNDA:0,renderEventContent
FNDA:1,(anonymous_2)
FNDA:1,(anonymous_3)
FNDA:0,(anonymous_4)
FNDA:0,(anonymous_5)
FNDA:0,(anonymous_6)
FNDA:0,(anonymous_7)
FNDA:0,(anonymous_8)
FNDA:0,(anonymous_9)
FNDA:0,(anonymous_10)
FNDA:0,(anonymous_11)
FNDA:0,(anonymous_12)
DA:28,2
DA:31,1
DA:44,1
DA:51,1
DA:76,0
DA:88,1
DA:89,1
DA:94,1
DA:95,1
DA:96,1
DA:97,1
DA:106,1
DA:110,1
DA:111,0
DA:117,1
DA:118,0
DA:124,1
DA:125,0
DA:131,1
DA:132,0
DA:138,1
DA:139,0
DA:142,1
DA:197,0
DA:238,0
DA:252,0
LF:26
LH:17
BRDA:91,0,0,1
BRDA:91,0,1,1
BRF:2
BRH:2
end_of_record
TN:
SF:src\lib\court-cases\add-court-case\add-court-case.tsx
FN:13,AddCourtCase
FN:20,(anonymous_1)
FN:26,(anonymous_2)
FN:31,(anonymous_3)
FN:38,(anonymous_4)
FN:45,(anonymous_5)
FN:52,(anonymous_6)
FN:59,(anonymous_7)
FN:66,(anonymous_8)
FN:73,(anonymous_9)
FN:128,(anonymous_10)
FN:140,(anonymous_11)
FNF:12
FNH:3
FNDA:1,AddCourtCase
FNDA:0,(anonymous_1)
FNDA:0,(anonymous_2)
FNDA:0,(anonymous_3)
FNDA:0,(anonymous_4)
FNDA:0,(anonymous_5)
FNDA:0,(anonymous_6)
FNDA:0,(anonymous_7)
FNDA:0,(anonymous_8)
FNDA:0,(anonymous_9)
FNDA:6,(anonymous_10)
FNDA:6,(anonymous_11)
DA:15,1
DA:16,1
DA:18,1
DA:20,1
DA:22,0
DA:25,0
DA:26,0
DA:27,0
DA:31,1
DA:32,0
DA:38,1
DA:39,0
DA:45,1
DA:46,0
DA:52,1
DA:53,0
DA:59,1
DA:60,0
DA:66,1
DA:67,0
DA:73,1
DA:74,0
DA:80,1
DA:129,6
DA:141,6
LF:25
LH:14
BRDA:23,0,0,0
BRDA:23,0,1,0
BRF:2
BRH:0
end_of_record
TN:
SF:src\lib\court-cases\case-management\court-cases.tsx
FN:8,CourtCases
FN:12,(anonymous_1)
FN:17,(anonymous_2)
FN:21,(anonymous_3)
FN:26,(anonymous_4)
FN:81,(anonymous_5)
FNF:6
FNH:3
FNDA:2,CourtCases
FNDA:1,(anonymous_1)
FNDA:1,(anonymous_2)
FNDA:0,(anonymous_3)
FNDA:0,(anonymous_4)
FNDA:0,(anonymous_5)
DA:9,2
DA:10,1
DA:12,1
DA:13,1
DA:18,1
DA:19,1
DA:22,0
DA:26,1
DA:27,0
DA:28,0
DA:31,1
DA:82,0
LF:12
LH:8
BRDA:15,0,0,1
BRDA:15,0,1,1
BRDA:18,1,0,1
BRDA:18,1,1,0
BRF:4
BRH:3
end_of_record
TN:
SF:src\lib\data-transfer-object\constants\constants.ts
FN:19,GetCaseTypes
FN:23,GetCaseOutcomes
FNF:2
FNH:2
FNDA:2,GetCaseTypes
FNDA:2,GetCaseOutcomes
DA:1,4
DA:10,4
DA:20,2
DA:24,2
LF:4
LH:4
BRF:0
BRH:0
end_of_record
TN:
SF:src\lib\data-transfer-object\court-case\court-case.dto.ts
FNF:0
FNH:0
LF:0
LH:0
BRF:0
BRH:0
end_of_record
TN:
SF:src\lib\data-transfer-object\invoice\invoice.dto.ts
FNF:0
FNH:0
LF:0
LH:0
BRF:0
BRH:0
end_of_record
TN:
SF:src\lib\data-transfer-object\user\user.dto.ts
FNF:0
FNH:0
LF:0
LH:0
BRF:0
BRH:0
end_of_record
TN:
SF:src\lib\data-transfer-object\user\user-login-request\user-login-request.dto.ts
FNF:0
FNH:0
LF:0
LH:0
BRF:0
BRH:0
end_of_record
TN:
SF:src\lib\file-management\file-management.tsx
FN:9,FileManagement
FN:15,(anonymous_1)
FN:18,(anonymous_2)
FN:23,(anonymous_3)
FN:29,(anonymous_4)
FN:35,(anonymous_5)
FN:44,(anonymous_6)
FN:56,(anonymous_7)
FN:66,(anonymous_8)
FNF:9
FNH:3
FNDA:2,FileManagement
FNDA:1,(anonymous_1)
FNDA:1,(anonymous_2)
FNDA:0,(anonymous_3)
FNDA:0,(anonymous_4)
FNDA:0,(anonymous_5)
FNDA:0,(anonymous_6)
FNDA:0,(anonymous_7)
FNDA:0,(anonymous_8)
DA:10,2
DA:11,1
DA:12,1
DA:13,1
DA:15,1
DA:16,1
DA:19,1
DA:23,1
DA:26,0
DA:29,1
DA:32,0
DA:35,1
DA:41,0
DA:44,1
DA:45,0
DA:47,0
DA:48,0
DA:50,0
DA:51,0
DA:52,0
DA:54,0
DA:57,0
DA:62,1
DA:67,0
LF:24
LH:12
BRDA:45,0,0,0
BRDA:45,0,1,0
BRDA:45,1,0,0
BRDA:45,1,1,0
BRF:4
BRH:0
end_of_record
TN:
SF:src\lib\navigation\navigation.tsx
FN:14,Navigation
FNF:1
FNH:1
FNDA:2,Navigation
DA:15,2
LF:1
LH:1
BRF:0
BRH:0
end_of_record
TN:
SF:src\lib\contracts\requests\authentication\update-password-request\update-password-request.ts
FNF:0
FNH:0
DA:1,1
DA:3,1
DA:5,1
DA:8,1
LF:4
LH:4
BRF:0
BRH:0
end_of_record
TN:
SF:src\lib\contracts\requests\authentication\user-edit-request\user-edit-request.ts
FNF:0
FNH:0
DA:1,1
DA:3,1
DA:5,1
DA:8,1
DA:11,1
DA:14,1
LF:6
LH:6
BRF:0
BRH:0
end_of_record
TN:
SF:src\lib\contracts\requests\authentication\user-email-request\user-email-request.ts
FNF:0
FNH:0
DA:1,1
DA:3,1
DA:5,1
LF:3
LH:3
BRF:0
BRH:0
end_of_record
TN:
SF:src\lib\contracts\requests\authentication\user-login-request\user-login-request.ts
FNF:0
FNH:0
DA:1,1
DA:3,1
DA:5,1
DA:8,1
LF:4
LH:4
BRF:0
BRH:0
end_of_record
TN:
SF:src\lib\contracts\requests\authentication\user-register-request\user-register-request.ts
FNF:0
FNH:0
DA:1,1
DA:3,1
DA:5,1
DA:8,1
DA:11,1
DA:14,1
DA:17,1
LF:7
LH:7
BRF:0
BRH:0
end_of_record
TN:
SF:src\lib\contracts\requests\documents\get-document-request\get-document-request.ts
FNF:0
FNH:0
DA:1,1
DA:3,1
DA:5,1
LF:3
LH:3
BRF:0
BRH:0
end_of_record
TN:
SF:src\lib\contracts\requests\documents\upload-document-request\upload-document-request.ts
FNF:0
FNH:0
DA:1,1
DA:3,1
DA:5,1
DA:8,1
DA:11,1
DA:14,1
LF:6
LH:6
BRF:0
BRH:0
end_of_record
TN:
SF:src\lib\contracts\requests\invoices\get-invoices-by-case-number-request\get-invoices-by-case-number-request.ts
FNF:0
FNH:0
DA:1,1
DA:3,1
DA:5,1
DA:8,1
LF:4
LH:4
BRF:0
BRH:0
end_of_record
TN:
SF:src\lib\contracts\requests\invoices\get-invoices-by-id\get-invoices-by-id-request.ts
FNF:0
FNH:0
DA:1,1
DA:3,1
DA:5,1
DA:8,1
LF:4
LH:4
BRF:0
BRH:0
end_of_record
TN:
SF:src\lib\contracts\requests\invoices\get-invoices-by-invoice-number-request\get-invoices-by-invoice-number-request.ts
FNF:0
FNH:0
DA:1,1
DA:3,1
DA:5,1
DA:8,1
LF:4
LH:4
BRF:0
BRH:0
end_of_record
TN:
SF:src\lib\court-case\court-case.ts
FNF:0
FNH:0
DA:1,1
DA:3,1
DA:5,1
DA:8,1
DA:11,1
DA:14,1
DA:17,1
DA:20,1
DA:23,1
DA:26,1
DA:29,1
DA:32,1
DA:35,1
LF:13
LH:13
BRF:0
BRH:0
end_of_record
TN:
SF:src\lib\documents\documents.ts
FNF:0
FNH:0
DA:1,1
DA:3,1
DA:5,1
DA:8,1
DA:11,1
DA:14,1
DA:17,1
LF:7
LH:7
BRF:0
BRH:0
end_of_record
TN:
SF:src\lib\invoice\invoice.ts
FNF:0
FNH:0
DA:1,1
DA:3,1
DA:6,1
DA:9,1
DA:12,1
DA:15,1
DA:18,1
DA:21,1
DA:24,1
DA:27,1
LF:10
LH:10
BRF:0
BRH:0
end_of_record
TN:
SF:src\lib\lawyer\lawyer.ts
FNF:0
FNH:0
DA:1,1
DA:5,1
DA:7,1
DA:9,1
DA:14,1
DA:19,1
DA:24,1
DA:29,1
DA:32,1
DA:35,1
DA:38,1
LF:11
LH:11
BRF:0
BRH:0
end_of_record
TN:
SF:src\lib\user\user.ts
FNF:0
FNH:0
DA:1,1
DA:3,1
DA:5,1
DA:8,1
DA:11,1
DA:14,1
DA:17,1
DA:20,1
DA:23,1
DA:26,1
LF:10
LH:10
BRF:0
BRH:0
end_of_record
TN:
SF:src\lib\authentication-api.controller.ts
FN:12,(anonymous_0)
FN:16,(anonymous_1)
FN:21,(anonymous_3)
FN:27,(anonymous_5)
FN:33,(anonymous_7)
FN:38,(anonymous_9)
FN:43,(anonymous_11)
FN:49,(anonymous_13)
FNF:8
FNH:7
FNDA:7,(anonymous_0)
FNDA:2,(anonymous_1)
FNDA:1,(anonymous_3)
FNDA:0,(anonymous_5)
FNDA:1,(anonymous_7)
FNDA:1,(anonymous_9)
FNDA:1,(anonymous_11)
FNDA:1,(anonymous_13)
DA:1,1
DA:2,1
DA:3,1
DA:4,1
DA:5,1
DA:6,1
DA:10,1
DA:12,7
DA:16,1
DA:17,2
DA:21,1
DA:22,1
DA:23,1
DA:27,1
DA:28,0
DA:33,1
DA:34,1
DA:38,1
DA:39,1
DA:43,1
DA:44,1
DA:49,1
DA:50,1
LF:23
LH:22
BRF:0
BRH:0
end_of_record
TN:
SF:src\lib\Guard\authentication.guard.ts
FN:14,(anonymous_0)
FN:16,(anonymous_1)
FN:40,(anonymous_3)
FNF:3
FNH:1
FNDA:8,(anonymous_0)
FNDA:0,(anonymous_1)
FNDA:0,(anonymous_3)
DA:1,2
DA:7,2
DA:9,2
DA:12,2
DA:14,8
DA:19,0
DA:20,0
DA:21,0
DA:22,0
DA:24,0
DA:25,0
DA:33,0
DA:35,0
DA:37,0
DA:41,0
DA:42,0
LF:16
LH:5
BRDA:21,0,0,0
BRDA:41,1,0,0
BRDA:41,1,1,0
BRDA:41,2,0,0
BRDA:41,2,1,0
BRDA:41,3,0,0
BRDA:41,3,1,0
BRDA:41,4,0,0
BRDA:41,4,1,0
BRDA:42,5,0,0
BRDA:42,5,1,0
BRF:11
BRH:0
end_of_record
TN:
SF:src\lib\Guard\refresh-token.guard.ts
FNF:0
FNH:0
DA:1,1
DA:2,1
DA:5,1
LF:3
LH:3
BRF:0
BRH:0
end_of_record
TN:
SF:src\lib\authetication-repostiory.ts
FN:9,(anonymous_0)
FN:12,(anonymous_1)
FN:34,(anonymous_3)
FN:49,(anonymous_5)
FN:66,(anonymous_7)
FN:85,(anonymous_9)
FN:100,(anonymous_11)
FNF:7
FNH:7
FNDA:8,(anonymous_0)
FNDA:1,(anonymous_1)
FNDA:1,(anonymous_3)
FNDA:1,(anonymous_5)
FNDA:1,(anonymous_7)
FNDA:1,(anonymous_9)
FNDA:1,(anonymous_11)
DA:1,1
DA:3,1
DA:4,1
DA:7,1
DA:9,8
DA:14,1
DA:15,1
DA:17,1
DA:18,1
DA:30,1
DA:31,1
DA:35,1
DA:36,1
DA:44,1
DA:45,1
DA:46,1
DA:50,1
DA:51,1
DA:62,1
DA:63,1
DA:67,1
DA:68,1
DA:70,1
DA:71,1
DA:81,1
DA:82,1
DA:86,1
DA:87,1
DA:96,1
DA:97,1
DA:101,1
DA:102,1
DA:108,1
DA:109,1
LF:34
LH:34
BRF:0
BRH:0
end_of_record
TN:
SF:src\lib\authentication-service.service.ts
FN:10,(anonymous_0)
FN:14,(anonymous_1)
FN:18,(anonymous_3)
FN:57,(anonymous_5)
FN:69,(anonymous_7)
FN:81,(anonymous_9)
FN:93,(anonymous_11)
FN:97,(anonymous_13)
FNF:8
FNH:6
FNDA:7,(anonymous_0)
FNDA:1,(anonymous_1)
FNDA:1,(anonymous_3)
FNDA:0,(anonymous_5)
FNDA:1,(anonymous_7)
FNDA:1,(anonymous_9)
FNDA:1,(anonymous_11)
FNDA:0,(anonymous_13)
DA:2,1
DA:3,1
DA:4,1
DA:5,1
DA:6,1
DA:9,1
DA:11,7
DA:12,7
DA:15,1
DA:20,1
DA:21,1
DA:22,1
DA:23,0
DA:29,1
DA:30,1
DA:31,1
DA:32,1
DA:33,1
DA:34,0
DA:35,0
DA:39,0
DA:43,0
DA:44,0
DA:51,1
DA:59,0
DA:61,0
DA:62,0
DA:65,0
DA:71,1
DA:73,1
DA:74,1
DA:77,0
DA:83,1
DA:85,1
DA:86,1
DA:89,0
DA:94,1
DA:98,0
DA:100,0
DA:101,0
DA:106,0
DA:107,0
DA:112,0
DA:113,0
DA:118,0
LF:45
LH:25
BRDA:22,0,0,0
BRDA:22,1,0,1
BRDA:22,1,1,1
BRDA:22,1,2,1
BRDA:22,1,3,1
BRDA:31,2,0,1
BRDA:32,3,0,1
BRDA:32,3,1,0
BRDA:33,4,0,0
BRDA:33,5,0,0
BRDA:33,5,1,1
BRDA:33,6,0,1
BRDA:33,6,1,1
BRDA:61,7,0,0
BRDA:61,7,1,0
BRDA:73,8,0,1
BRDA:73,8,1,0
BRDA:85,9,0,1
BRDA:85,9,1,0
BRDA:100,10,0,0
BRDA:100,11,0,0
BRDA:100,11,1,0
BRDA:106,12,0,0
BRF:23
BRH:11
end_of_record
TN:
SF:src\lib\court-cases-api.controller.ts
FN:11,(anonymous_0)
FN:18,(anonymous_1)
FN:27,(anonymous_2)
FN:36,(anonymous_3)
FN:44,(anonymous_4)
FN:52,(anonymous_5)
FN:60,(anonymous_6)
FN:68,(anonymous_7)
FNF:8
FNH:8
FNDA:14,(anonymous_0)
FNDA:2,(anonymous_1)
FNDA:1,(anonymous_2)
FNDA:2,(anonymous_3)
FNDA:2,(anonymous_4)
FNDA:2,(anonymous_5)
FNDA:2,(anonymous_6)
FNDA:2,(anonymous_7)
DA:1,1
DA:2,1
DA:3,1
DA:4,1
DA:5,1
DA:10,1
DA:11,14
DA:18,1
DA:20,2
DA:27,1
DA:28,1
DA:36,1
DA:37,2
DA:44,1
DA:45,2
DA:52,1
DA:53,2
DA:60,1
DA:61,2
DA:68,1
DA:69,2
LF:21
LH:21
BRF:0
BRH:0
end_of_record
TN:
SF:src\lib\court-case-repository.ts
FN:8,(anonymous_0)
FN:11,(anonymous_1)
FN:46,(anonymous_3)
FN:79,(anonymous_5)
FN:97,(anonymous_7)
FN:114,(anonymous_9)
FN:132,(anonymous_11)
FNF:7
FNH:7
FNDA:8,(anonymous_0)
FNDA:1,(anonymous_1)
FNDA:1,(anonymous_3)
FNDA:1,(anonymous_5)
FNDA:1,(anonymous_7)
FNDA:1,(anonymous_9)
FNDA:1,(anonymous_11)
DA:1,1
DA:2,1
DA:6,1
DA:8,8
DA:12,1
DA:13,1
DA:14,1
DA:16,1
DA:39,1
DA:40,1
DA:42,0
DA:47,1
DA:48,1
DA:50,1
DA:72,1
DA:73,1
DA:75,0
DA:80,1
DA:81,1
DA:83,1
DA:90,1
DA:91,1
DA:93,0
DA:98,1
DA:99,1
DA:101,1
DA:107,1
DA:108,1
DA:110,0
DA:115,1
DA:116,1
DA:118,1
DA:125,1
DA:126,1
DA:128,0
DA:133,1
DA:134,1
DA:136,1
DA:143,1
DA:144,1
DA:146,0
LF:41
LH:35
BRF:0
BRH:0
end_of_record
TN:
SF:src\lib\court-cases-service.service.ts
FN:8,(anonymous_0)
FN:13,(anonymous_1)
FN:32,(anonymous_3)
FN:45,(anonymous_5)
FN:59,(anonymous_7)
FN:72,(anonymous_9)
FN:83,(anonymous_11)
FN:93,(anonymous_13)
FN:107,(anonymous_14)
FN:121,(anonymous_16)
FNF:10
FNH:9
FNDA:13,(anonymous_0)
FNDA:2,(anonymous_1)
FNDA:2,(anonymous_3)
FNDA:2,(anonymous_5)
FNDA:2,(anonymous_7)
FNDA:2,(anonymous_9)
FNDA:2,(anonymous_11)
FNDA:1,(anonymous_13)
FNDA:0,(anonymous_14)
FNDA:4,(anonymous_16)
DA:1,1
DA:2,1
DA:4,1
DA:7,1
DA:9,13
DA:10,13
DA:15,2
DA:17,2
DA:18,0
DA:20,2
DA:21,2
DA:23,2
DA:24,2
DA:25,1
DA:28,1
DA:33,2
DA:35,2
DA:36,2
DA:37,2
DA:38,1
DA:41,1
DA:47,2
DA:49,2
DA:51,2
DA:52,1
DA:55,1
DA:60,2
DA:62,2
DA:64,2
DA:65,2
DA:68,0
DA:73,2
DA:75,2
DA:76,2
DA:78,0
DA:80,0
DA:86,2
DA:88,2
DA:90,2
DA:91,0
DA:93,2
DA:94,1
DA:97,2
DA:99,2
DA:103,0
DA:109,0
DA:111,0
DA:113,0
DA:114,0
DA:117,0
DA:123,4
DA:125,4
LF:52
LH:41
BRDA:17,0,0,0
BRDA:17,1,0,2
BRDA:17,1,1,0
BRDA:17,2,0,0
BRDA:17,2,1,2
BRDA:17,3,0,2
BRDA:17,3,1,2
BRDA:21,4,0,2
BRDA:21,4,1,0
BRDA:21,5,0,0
BRDA:21,5,1,2
BRDA:21,6,0,2
BRDA:21,6,1,2
BRDA:24,7,0,1
BRDA:24,7,1,1
BRDA:35,8,0,2
BRDA:35,8,1,0
BRDA:35,9,0,0
BRDA:35,9,1,2
BRDA:35,10,0,2
BRDA:35,10,1,2
BRDA:37,11,0,1
BRDA:37,11,1,1
BRDA:49,12,0,2
BRDA:49,12,1,0
BRDA:49,13,0,0
BRDA:49,13,1,2
BRDA:49,14,0,2
BRDA:49,14,1,2
BRDA:51,15,0,1
BRDA:51,15,1,1
BRDA:62,16,0,2
BRDA:62,16,1,0
BRDA:62,17,0,0
BRDA:62,17,1,2
BRDA:62,18,0,2
BRDA:62,18,1,2
BRDA:64,19,0,2
BRDA:64,19,1,0
BRDA:75,20,0,2
BRDA:75,21,0,2
BRDA:75,21,1,0
BRDA:75,22,0,0
BRDA:75,22,1,2
BRDA:75,23,0,2
BRDA:75,23,1,2
BRDA:78,24,0,0
BRDA:78,24,1,0
BRDA:78,25,0,0
BRDA:78,25,1,0
BRDA:78,26,0,0
BRDA:78,26,1,0
BRDA:88,27,0,2
BRDA:88,27,1,0
BRDA:88,28,0,0
BRDA:88,28,1,2
BRDA:88,29,0,2
BRDA:88,29,1,2
BRDA:90,30,0,0
BRDA:97,31,0,2
BRDA:97,31,1,0
BRDA:111,32,0,0
BRDA:111,32,1,0
BRDA:111,33,0,0
BRDA:111,33,1,0
BRDA:111,34,0,0
BRDA:111,34,1,0
BRDA:113,35,0,0
BRDA:113,35,1,0
BRDA:125,36,0,0
BRDA:125,36,1,4
BRF:71
BRH:38
end_of_record
TN:
SF:src\lib\documents-api.controller.ts
FN:14,(anonymous_0)
FN:20,(anonymous_1)
FN:38,(anonymous_2)
FN:51,(anonymous_3)
FN:27,(anonymous_4)
FN:29,(anonymous_5)
FNF:6
FNH:3
FNDA:4,(anonymous_0)
FNDA:2,(anonymous_1)
FNDA:0,(anonymous_2)
FNDA:1,(anonymous_3)
FNDA:0,(anonymous_4)
FNDA:0,(anonymous_5)
DA:1,1
DA:2,1
DA:3,1
DA:4,1
DA:5,1
DA:6,1
DA:7,1
DA:12,1
DA:14,4
DA:20,1
DA:21,2
DA:29,0
DA:31,0
DA:38,1
DA:39,0
DA:45,0
DA:51,1
DA:52,1
LF:18
LH:14
BRF:0
BRH:0
end_of_record
TN:
SF:src\lib\documents-repository.ts
FN:8,(anonymous_0)
FN:11,(anonymous_1)
FN:28,(anonymous_3)
FN:44,(anonymous_5)
FNF:4
FNH:1
FNDA:1,(anonymous_0)
FNDA:0,(anonymous_1)
FNDA:0,(anonymous_3)
FNDA:0,(anonymous_5)
DA:2,1
DA:3,1
DA:6,1
DA:8,1
DA:13,0
DA:14,0
DA:24,0
DA:30,0
DA:31,0
DA:38,0
DA:40,0
DA:46,0
DA:47,0
DA:53,0
DA:55,0
LF:15
LH:4
BRF:0
BRH:0
end_of_record
TN:
SF:src\lib\documents-service.service.ts
FN:9,(anonymous_0)
FN:13,(anonymous_1)
FN:26,(anonymous_3)
FN:38,(anonymous_5)
FNF:4
FNH:1
FNDA:1,(anonymous_0)
FNDA:0,(anonymous_1)
FNDA:0,(anonymous_3)
FNDA:0,(anonymous_5)
DA:1,1
DA:3,1
DA:4,1
DA:7,1
DA:10,1
DA:11,1
DA:16,0
DA:18,0
DA:20,0
DA:21,0
DA:23,0
DA:28,0
DA:30,0
DA:32,0
DA:33,0
DA:35,0
DA:41,0
DA:43,0
DA:45,0
DA:46,0
DA:48,0
LF:21
LH:6
BRDA:18,0,0,0
BRDA:18,0,1,0
BRDA:18,1,0,0
BRDA:18,1,1,0
BRDA:18,2,0,0
BRDA:18,2,1,0
BRDA:20,3,0,0
BRDA:20,3,1,0
BRDA:30,4,0,0
BRDA:30,4,1,0
BRDA:30,5,0,0
BRDA:30,5,1,0
BRDA:30,6,0,0
BRDA:30,6,1,0
BRDA:32,7,0,0
BRDA:32,7,1,0
BRDA:43,8,0,0
BRDA:43,8,1,0
BRDA:43,9,0,0
BRDA:43,9,1,0
BRDA:43,10,0,0
BRDA:43,10,1,0
BRDA:45,11,0,0
BRDA:45,11,1,0
BRF:24
BRH:0
end_of_record
TN:
SF:src\lib\invoices-api.controller.ts
FN:9,(anonymous_0)
FN:12,(anonymous_1)
FN:17,(anonymous_2)
FN:22,(anonymous_3)
FN:27,(anonymous_4)
FN:32,(anonymous_5)
FNF:6
FNH:1
FNDA:1,(anonymous_0)
FNDA:0,(anonymous_1)
FNDA:0,(anonymous_2)
FNDA:0,(anonymous_3)
FNDA:0,(anonymous_4)
FNDA:0,(anonymous_5)
DA:1,1
DA:2,1
DA:3,1
DA:4,1
DA:7,1
DA:9,1
DA:12,1
DA:13,0
DA:17,1
DA:18,0
DA:22,1
DA:23,0
DA:27,1
DA:28,0
DA:32,1
DA:33,0
LF:16
LH:11
BRF:0
BRH:0
end_of_record
TN:
SF:src\lib\invoices-respository.ts
FN:8,(anonymous_0)
FN:11,(anonymous_1)
FN:37,(anonymous_3)
FN:56,(anonymous_5)
FN:70,(anonymous_7)
FN:84,(anonymous_9)
FNF:6
FNH:1
FNDA:1,(anonymous_0)
FNDA:0,(anonymous_1)
FNDA:0,(anonymous_3)
FNDA:0,(anonymous_5)
FNDA:0,(anonymous_7)
FNDA:0,(anonymous_9)
DA:2,1
DA:3,1
DA:6,1
DA:8,1
DA:12,0
DA:14,0
DA:33,0
DA:34,0
DA:38,0
DA:40,0
DA:52,0
DA:53,0
DA:57,0
DA:59,0
DA:66,0
DA:67,0
DA:71,0
DA:73,0
DA:80,0
DA:81,0
DA:85,0
DA:87,0
DA:94,0
DA:95,0
LF:24
LH:4
BRF:0
BRH:0
end_of_record
TN:
SF:src\lib\invoices-service.service.ts
FN:9,(anonymous_0)
FN:16,(anonymous_1)
FN:24,(anonymous_3)
FN:31,(anonymous_5)
FN:40,(anonymous_7)
FN:49,(anonymous_9)
FN:59,(anonymous_11)
FNF:7
FNH:1
FNDA:1,(anonymous_0)
FNDA:0,(anonymous_1)
FNDA:0,(anonymous_3)
FNDA:0,(anonymous_5)
FNDA:0,(anonymous_7)
FNDA:0,(anonymous_9)
FNDA:0,(anonymous_11)
DA:1,1
DA:3,1
DA:4,1
DA:7,1
DA:9,1
DA:10,1
DA:17,0
DA:18,0
DA:20,0
DA:21,0
DA:25,0
DA:26,0
DA:28,0
DA:32,0
DA:33,0
DA:35,0
DA:37,0
DA:41,0
DA:42,0
DA:44,0
DA:46,0
DA:50,0
DA:51,0
DA:53,0
DA:55,0
DA:61,0
DA:62,0
DA:63,0
DA:64,0
DA:65,0
DA:66,0
DA:67,0
DA:68,0
DA:69,0
DA:70,0
DA:71,0
DA:72,0
DA:74,0
LF:38
LH:6
BRDA:17,0,0,0
BRDA:25,1,0,0
BRDA:32,2,0,0
BRDA:32,3,0,0
BRDA:32,3,1,0
BRDA:41,4,0,0
BRDA:41,5,0,0
BRDA:41,5,1,0
BRDA:50,6,0,0
BRDA:50,7,0,0
BRDA:50,7,1,0
BRDA:61,8,0,0
BRDA:63,9,0,0
BRDA:65,10,0,0
BRDA:67,11,0,0
BRDA:69,12,0,0
BRDA:71,13,0,0
BRF:17
BRH:0
end_of_record
TN:
SF:src\lib\lawyer-api.controller.ts
FN:11,(anonymous_0)
FN:19,(anonymous_1)
FN:27,(anonymous_2)
FN:34,(anonymous_3)
FN:41,(anonymous_4)
FN:48,(anonymous_5)
FN:55,(anonymous_6)
FNF:7
FNH:7
FNDA:13,(anonymous_0)
FNDA:2,(anonymous_1)
FNDA:2,(anonymous_2)
FNDA:2,(anonymous_3)
FNDA:2,(anonymous_4)
FNDA:2,(anonymous_5)
FNDA:2,(anonymous_6)
DA:1,1
DA:2,1
DA:3,1
DA:4,1
DA:9,1
DA:12,13
DA:19,1
DA:20,2
DA:27,1
DA:28,2
DA:34,1
DA:35,2
DA:41,1
DA:42,2
DA:48,1
DA:49,2
DA:55,1
DA:56,2
LF:18
LH:18
BRF:0
BRH:0
end_of_record
TN:
SF:src\lib\lawyer-repository.ts
FN:8,(anonymous_0)
FN:10,(anonymous_1)
FN:23,(anonymous_3)
FN:36,(anonymous_5)
FN:52,(anonymous_7)
FN:71,(anonymous_9)
FN:84,(anonymous_11)
FNF:7
FNH:6
FNDA:7,(anonymous_0)
FNDA:1,(anonymous_1)
FNDA:1,(anonymous_3)
FNDA:1,(anonymous_5)
FNDA:1,(anonymous_7)
FNDA:1,(anonymous_9)
FNDA:0,(anonymous_11)
DA:1,1
DA:3,1
DA:7,1
DA:8,7
DA:11,1
DA:12,1
DA:17,1
DA:19,0
DA:24,1
DA:25,1
DA:30,1
DA:32,0
DA:37,1
DA:38,1
DA:46,1
DA:48,0
DA:53,1
DA:54,1
DA:65,1
DA:67,0
DA:72,1
DA:73,1
DA:78,1
DA:80,0
DA:85,0
DA:86,0
DA:87,0
DA:89,0
LF:28
LH:19
BRF:0
BRH:0
end_of_record
TN:
SF:src\lib\lawyer-service.service.ts
FN:9,(anonymous_0)
FN:15,(anonymous_1)
FN:25,(anonymous_3)
FN:36,(anonymous_5)
FN:46,(anonymous_7)
FN:59,(anonymous_9)
FN:68,(anonymous_11)
FN:78,(anonymous_13)
FN:84,(anonymous_15)
FNF:9
FNH:9
FNDA:13,(anonymous_0)
FNDA:2,(anonymous_1)
FNDA:2,(anonymous_3)
FNDA:2,(anonymous_5)
FNDA:2,(anonymous_7)
FNDA:2,(anonymous_9)
FNDA:2,(anonymous_11)
FNDA:4,(anonymous_13)
FNDA:2,(anonymous_15)
DA:2,1
DA:3,1
DA:7,1
DA:10,13
DA:16,2
DA:18,2
DA:19,1
DA:22,1
DA:27,2
DA:29,2
DA:30,1
DA:33,1
DA:37,2
DA:39,2
DA:40,1
DA:43,1
DA:47,2
DA:48,1
DA:50,1
DA:52,1
DA:53,0
DA:56,1
DA:60,2
DA:61,2
DA:63,0
DA:65,0
DA:70,2
DA:71,2
DA:73,0
DA:75,0
DA:79,4
DA:81,4
DA:85,2
DA:87,2
LF:34
LH:29
BRDA:18,0,0,1
BRDA:29,1,0,1
BRDA:39,2,0,1
BRDA:47,3,0,1
BRDA:52,4,0,0
BRDA:60,5,0,2
BRDA:70,6,0,2
BRDA:81,7,0,0
BRDA:81,7,1,4
BRDA:87,8,0,1
BRDA:87,8,1,1
BRF:11
BRH:9
end_of_record
TN:
SF:src\lib\cms-ui-library.tsx
FN:15,CmsUiLibrary
FN:21,(anonymous_1)
FN:34,(anonymous_2)
FN:41,(anonymous_3)
FN:72,(anonymous_4)
FN:79,(anonymous_5)
FN:82,(anonymous_6)
FN:83,(anonymous_7)
FN:89,(anonymous_8)
FN:94,(anonymous_9)
FNF:10
FNH:1
FNDA:1,CmsUiLibrary
FNDA:0,(anonymous_1)
FNDA:0,(anonymous_2)
FNDA:0,(anonymous_3)
FNDA:0,(anonymous_4)
FNDA:0,(anonymous_5)
FNDA:0,(anonymous_6)
FNDA:0,(anonymous_7)
FNDA:0,(anonymous_8)
FNDA:0,(anonymous_9)
DA:16,1
DA:17,1
DA:18,1
DA:20,1
DA:24,0
DA:25,0
DA:27,0
DA:29,0
DA:30,0
DA:32,0
DA:36,0
DA:37,0
DA:41,1
DA:43,0
DA:48,0
DA:49,0
DA:51,0
DA:53,0
DA:54,0
DA:55,0
DA:56,0
DA:57,0
DA:58,0
DA:59,0
DA:73,0
DA:74,0
DA:75,0
DA:79,0
DA:80,0
DA:82,0
DA:83,0
DA:85,0
DA:87,0
DA:90,0
DA:94,0
DA:95,0
DA:100,1
LF:37
LH:6
BRDA:24,0,0,0
BRDA:24,0,1,0
BRDA:29,1,0,0
BRDA:29,1,1,0
BRDA:43,2,0,0
BRDA:43,2,1,0
BRDA:44,3,0,0
BRDA:44,3,1,0
BRDA:44,3,2,0
BRDA:54,4,0,0
BRDA:54,4,1,0
BRDA:56,5,0,0
BRDA:56,5,1,0
BRDA:74,6,0,0
BRDA:74,6,1,0
BRF:15
BRH:0
end_of_record
TN:
SF:src\lib\Invoices\invoice.tsx
FN:11,Invoice
FN:19,(anonymous_1)
FN:24,(anonymous_2)
FN:30,(anonymous_3)
FN:37,(anonymous_4)
FN:44,(anonymous_5)
FN:51,(anonymous_6)
FN:58,(anonymous_7)
FN:65,(anonymous_8)
FN:69,(anonymous_9)
FN:73,(anonymous_10)
FN:97,(anonymous_11)
FN:105,(anonymous_12)
FN:110,(anonymous_13)
FN:116,(anonymous_14)
FN:122,(anonymous_15)
FN:128,(anonymous_16)
FN:131,(anonymous_17)
FN:135,(anonymous_18)
FN:148,(anonymous_19)
FN:167,(anonymous_20)
FN:222,(anonymous_21)
FN:227,(anonymous_22)
FN:234,(anonymous_23)
FN:239,(anonymous_24)
FN:252,(anonymous_25)
FN:371,(anonymous_26)
FNF:27
FNH:8
FNDA:2,Invoice
FNDA:1,(anonymous_1)
FNDA:1,(anonymous_2)
FNDA:0,(anonymous_3)
FNDA:0,(anonymous_4)
FNDA:0,(anonymous_5)
FNDA:0,(anonymous_6)
FNDA:0,(anonymous_7)
FNDA:0,(anonymous_8)
FNDA:0,(anonymous_9)
FNDA:1,(anonymous_10)
FNDA:0,(anonymous_11)
FNDA:0,(anonymous_12)
FNDA:0,(anonymous_13)
FNDA:0,(anonymous_14)
FNDA:0,(anonymous_15)
FNDA:1,(anonymous_16)
FNDA:0,(anonymous_17)
FNDA:0,(anonymous_18)
FNDA:0,(anonymous_19)
FNDA:0,(anonymous_20)
FNDA:1,(anonymous_21)
FNDA:0,(anonymous_22)
FNDA:0,(anonymous_23)
FNDA:1,(anonymous_24)
FNDA:1,(anonymous_25)
FNDA:0,(anonymous_26)
DA:12,2
DA:13,1
DA:14,1
DA:15,1
DA:16,1
DA:17,1
DA:19,1
DA:20,1
DA:25,1
DA:30,1
DA:31,0
DA:37,1
DA:38,0
DA:44,1
DA:45,0
DA:51,1
DA:52,0
DA:58,1
DA:59,0
DA:65,1
DA:66,0
DA:69,1
DA:70,0
DA:73,1
DA:74,1
DA:97,1
DA:98,0
DA:99,0
DA:103,0
DA:106,0
DA:107,0
DA:108,0
DA:111,0
DA:116,1
DA:117,0
DA:123,0
DA:124,0
DA:128,1
DA:129,1
DA:132,0
DA:136,0
DA:148,1
DA:149,0
DA:168,0
DA:222,1
DA:223,1
DA:224,1
DA:227,1
DA:228,0
DA:231,0
DA:232,0
DA:235,0
DA:239,1
DA:240,1
DA:249,1
DA:252,1
DA:258,1
DA:301,1
DA:372,0
DA:373,0
LF:60
LH:33
BRDA:22,0,0,1
BRDA:22,0,1,1
BRDA:25,1,0,1
BRDA:25,1,1,0
BRDA:100,2,0,0
BRDA:100,2,1,0
BRDA:120,3,0,0
BRDA:120,3,1,0
BRDA:223,4,0,0
BRDA:223,4,1,1
BRDA:229,5,0,0
BRDA:229,5,1,0
BRF:12
BRH:4
end_of_record
TN:
SF:src\lib\Invoices\footer\invoice-footer.tsx
FN:6,InvoiceFooter
FNF:1
FNH:1
FNDA:1,InvoiceFooter
DA:8,1
LF:1
LH:1
BRF:0
BRH:0
end_of_record
TN:
SF:src\lib\Invoices\header\invoice-header.tsx
FN:11,InvoiceHeader
FNF:1
FNH:1
FNDA:1,InvoiceHeader
DA:12,1
LF:1
LH:1
BRF:0
BRH:0
end_of_record
TN:
SF:src\lib\authentication\login\login.tsx
FN:9,Login
FN:15,(anonymous_1)
FN:23,(anonymous_2)
FN:31,(anonymous_3)
FN:35,(anonymous_4)
FN:40,(anonymous_5)
FNF:6
FNH:1
FNDA:3,Login
FNDA:0,(anonymous_1)
FNDA:0,(anonymous_2)
FNDA:0,(anonymous_3)
FNDA:0,(anonymous_4)
FNDA:0,(anonymous_5)
DA:10,3
DA:15,3
DA:16,0
DA:23,3
DA:24,0
DA:31,3
DA:32,0
DA:33,0
DA:36,0
DA:37,0
DA:38,0
DA:41,0
DA:45,3
LF:13
LH:5
BRF:0
BRH:0
end_of_record
TN:
SF:src\lib\authentication\register\register.tsx
FN:9,Register
FN:13,(anonymous_1)
FN:20,(anonymous_2)
FN:27,(anonymous_3)
FN:34,(anonymous_4)
FN:41,(anonymous_5)
FN:48,(anonymous_6)
FN:52,(anonymous_7)
FN:58,(anonymous_8)
FN:63,(anonymous_9)
FNF:10
FNH:1
FNDA:1,Register
FNDA:0,(anonymous_1)
FNDA:0,(anonymous_2)
FNDA:0,(anonymous_3)
FNDA:0,(anonymous_4)
FNDA:0,(anonymous_5)
FNDA:0,(anonymous_6)
FNDA:0,(anonymous_7)
FNDA:0,(anonymous_8)
FNDA:0,(anonymous_9)
DA:10,1
DA:11,1
DA:13,1
DA:14,0
DA:20,1
DA:21,0
DA:27,1
DA:28,0
DA:34,1
DA:35,0
DA:41,1
DA:42,0
DA:48,1
DA:49,0
DA:52,1
DA:53,0
DA:54,0
DA:56,0
DA:59,0
DA:63,1
DA:64,0
DA:67,1
LF:22
LH:11
BRDA:53,0,0,0
BRDA:53,0,1,0
BRF:2
BRH:0
end_of_record
TN:
SF:src\lib\calendar\calendar-ui.tsx
FN:26,CalendarUi
FN:54,renderEventContent
FN:88,(anonymous_2)
FN:93,(anonymous_3)
FN:97,(anonymous_4)
FN:110,(anonymous_5)
FN:117,(anonymous_6)
FN:124,(anonymous_7)
FN:131,(anonymous_8)
FN:138,(anonymous_9)
FN:196,(anonymous_10)
FN:237,(anonymous_11)
FN:251,(anonymous_12)
FNF:13
FNH:3
FNDA:2,CalendarUi
FNDA:0,renderEventContent
FNDA:1,(anonymous_2)
FNDA:1,(anonymous_3)
FNDA:0,(anonymous_4)
FNDA:0,(anonymous_5)
FNDA:0,(anonymous_6)
FNDA:0,(anonymous_7)
FNDA:0,(anonymous_8)
FNDA:0,(anonymous_9)
FNDA:0,(anonymous_10)
FNDA:0,(anonymous_11)
FNDA:0,(anonymous_12)
DA:28,2
DA:31,1
DA:44,1
DA:51,1
DA:76,0
DA:88,1
DA:89,1
DA:94,1
DA:95,1
DA:96,1
DA:97,1
DA:106,1
DA:110,1
DA:111,0
DA:117,1
DA:118,0
DA:124,1
DA:125,0
DA:131,1
DA:132,0
DA:138,1
DA:139,0
DA:142,1
DA:197,0
DA:238,0
DA:252,0
LF:26
LH:17
BRDA:91,0,0,1
BRDA:91,0,1,1
BRF:2
BRH:2
end_of_record
TN:
SF:src\lib\court-cases\add-court-case\add-court-case.tsx
FN:13,AddCourtCase
FN:20,(anonymous_1)
FN:26,(anonymous_2)
FN:31,(anonymous_3)
FN:38,(anonymous_4)
FN:45,(anonymous_5)
FN:52,(anonymous_6)
FN:59,(anonymous_7)
FN:66,(anonymous_8)
FN:73,(anonymous_9)
FN:128,(anonymous_10)
FN:140,(anonymous_11)
FNF:12
FNH:3
FNDA:1,AddCourtCase
FNDA:0,(anonymous_1)
FNDA:0,(anonymous_2)
FNDA:0,(anonymous_3)
FNDA:0,(anonymous_4)
FNDA:0,(anonymous_5)
FNDA:0,(anonymous_6)
FNDA:0,(anonymous_7)
FNDA:0,(anonymous_8)
FNDA:0,(anonymous_9)
FNDA:6,(anonymous_10)
FNDA:6,(anonymous_11)
DA:15,1
DA:16,1
DA:18,1
DA:20,1
DA:22,0
DA:25,0
DA:26,0
DA:27,0
DA:31,1
DA:32,0
DA:38,1
DA:39,0
DA:45,1
DA:46,0
DA:52,1
DA:53,0
DA:59,1
DA:60,0
DA:66,1
DA:67,0
DA:73,1
DA:74,0
DA:80,1
DA:129,6
DA:141,6
LF:25
LH:14
BRDA:23,0,0,0
BRDA:23,0,1,0
BRF:2
BRH:0
end_of_record
TN:
SF:src\lib\court-cases\case-management\court-cases.tsx
FN:8,CourtCases
FN:12,(anonymous_1)
FN:17,(anonymous_2)
FN:21,(anonymous_3)
FN:26,(anonymous_4)
FN:81,(anonymous_5)
FNF:6
FNH:3
FNDA:2,CourtCases
FNDA:1,(anonymous_1)
FNDA:1,(anonymous_2)
FNDA:0,(anonymous_3)
FNDA:0,(anonymous_4)
FNDA:0,(anonymous_5)
DA:9,2
DA:10,1
DA:12,1
DA:13,1
DA:18,1
DA:19,1
DA:22,0
DA:26,1
DA:27,0
DA:28,0
DA:31,1
DA:82,0
LF:12
LH:8
BRDA:15,0,0,1
BRDA:15,0,1,1
BRDA:18,1,0,1
BRDA:18,1,1,0
BRF:4
BRH:3
end_of_record
TN:
SF:src\lib\data-transfer-object\constants\constants.ts
FN:19,GetCaseTypes
FN:23,GetCaseOutcomes
FNF:2
FNH:2
FNDA:2,GetCaseTypes
FNDA:2,GetCaseOutcomes
DA:1,4
DA:10,4
DA:20,2
DA:24,2
LF:4
LH:4
BRF:0
BRH:0
end_of_record
TN:
SF:src\lib\data-transfer-object\court-case\court-case.dto.ts
FNF:0
FNH:0
LF:0
LH:0
BRF:0
BRH:0
end_of_record
TN:
SF:src\lib\data-transfer-object\invoice\invoice.dto.ts
FNF:0
FNH:0
LF:0
LH:0
BRF:0
BRH:0
end_of_record
TN:
SF:src\lib\data-transfer-object\user\user.dto.ts
FNF:0
FNH:0
LF:0
LH:0
BRF:0
BRH:0
end_of_record
TN:
SF:src\lib\data-transfer-object\user\user-login-request\user-login-request.dto.ts
FNF:0
FNH:0
LF:0
LH:0
BRF:0
BRH:0
end_of_record
TN:
SF:src\lib\file-management\file-management.tsx
FN:9,FileManagement
FN:15,(anonymous_1)
FN:18,(anonymous_2)
FN:23,(anonymous_3)
FN:29,(anonymous_4)
FN:35,(anonymous_5)
FN:44,(anonymous_6)
FN:56,(anonymous_7)
FN:66,(anonymous_8)
FNF:9
FNH:3
FNDA:2,FileManagement
FNDA:1,(anonymous_1)
FNDA:1,(anonymous_2)
FNDA:0,(anonymous_3)
FNDA:0,(anonymous_4)
FNDA:0,(anonymous_5)
FNDA:0,(anonymous_6)
FNDA:0,(anonymous_7)
FNDA:0,(anonymous_8)
DA:10,2
DA:11,1
DA:12,1
DA:13,1
DA:15,1
DA:16,1
DA:19,1
DA:23,1
DA:26,0
DA:29,1
DA:32,0
DA:35,1
DA:41,0
DA:44,1
DA:45,0
DA:47,0
DA:48,0
DA:50,0
DA:51,0
DA:52,0
DA:54,0
DA:57,0
DA:62,1
DA:67,0
LF:24
LH:12
BRDA:45,0,0,0
BRDA:45,0,1,0
BRDA:45,1,0,0
BRDA:45,1,1,0
BRF:4
BRH:0
end_of_record
TN:
SF:src\lib\navigation\navigation.tsx
FN:14,Navigation
FNF:1
FNH:1
FNDA:2,Navigation
DA:15,2
LF:1
LH:1
BRF:0
BRH:0
end_of_record
TN:
SF:src\lib\contracts\requests\authentication\update-password-request\update-password-request.ts
FNF:0
FNH:0
DA:1,1
DA:3,1
DA:5,1
DA:8,1
LF:4
LH:4
BRF:0
BRH:0
end_of_record
TN:
SF:src\lib\contracts\requests\authentication\user-edit-request\user-edit-request.ts
FNF:0
FNH:0
DA:1,1
DA:3,1
DA:5,1
DA:8,1
DA:11,1
DA:14,1
LF:6
LH:6
BRF:0
BRH:0
end_of_record
TN:
SF:src\lib\contracts\requests\authentication\user-email-request\user-email-request.ts
FNF:0
FNH:0
DA:1,1
DA:3,1
DA:5,1
LF:3
LH:3
BRF:0
BRH:0
end_of_record
TN:
SF:src\lib\contracts\requests\authentication\user-login-request\user-login-request.ts
FNF:0
FNH:0
DA:1,1
DA:3,1
DA:5,1
DA:8,1
LF:4
LH:4
BRF:0
BRH:0
end_of_record
TN:
SF:src\lib\contracts\requests\authentication\user-register-request\user-register-request.ts
FNF:0
FNH:0
DA:1,1
DA:3,1
DA:5,1
DA:8,1
DA:11,1
DA:14,1
DA:17,1
LF:7
LH:7
BRF:0
BRH:0
end_of_record
TN:
SF:src\lib\contracts\requests\documents\get-document-request\get-document-request.ts
FNF:0
FNH:0
DA:1,1
DA:3,1
DA:5,1
LF:3
LH:3
BRF:0
BRH:0
end_of_record
TN:
SF:src\lib\contracts\requests\documents\upload-document-request\upload-document-request.ts
FNF:0
FNH:0
DA:1,1
DA:3,1
DA:5,1
DA:8,1
DA:11,1
DA:14,1
LF:6
LH:6
BRF:0
BRH:0
end_of_record
TN:
SF:src\lib\contracts\requests\invoices\get-invoices-by-case-number-request\get-invoices-by-case-number-request.ts
FNF:0
FNH:0
DA:1,1
DA:3,1
DA:5,1
DA:8,1
LF:4
LH:4
BRF:0
BRH:0
end_of_record
TN:
SF:src\lib\contracts\requests\invoices\get-invoices-by-id\get-invoices-by-id-request.ts
FNF:0
FNH:0
DA:1,1
DA:3,1
DA:5,1
DA:8,1
LF:4
LH:4
BRF:0
BRH:0
end_of_record
TN:
SF:src\lib\contracts\requests\invoices\get-invoices-by-invoice-number-request\get-invoices-by-invoice-number-request.ts
FNF:0
FNH:0
DA:1,1
DA:3,1
DA:5,1
DA:8,1
LF:4
LH:4
BRF:0
BRH:0
end_of_record
TN:
SF:src\lib\court-case\court-case.ts
FNF:0
FNH:0
DA:1,1
DA:3,1
DA:5,1
DA:8,1
DA:11,1
DA:14,1
DA:17,1
DA:20,1
DA:23,1
DA:26,1
DA:29,1
DA:32,1
DA:35,1
LF:13
LH:13
BRF:0
BRH:0
end_of_record
TN:
SF:src\lib\documents\documents.ts
FNF:0
FNH:0
DA:1,1
DA:3,1
DA:5,1
DA:8,1
DA:11,1
DA:14,1
DA:17,1
LF:7
LH:7
BRF:0
BRH:0
end_of_record
TN:
SF:src\lib\invoice\invoice.ts
FNF:0
FNH:0
DA:1,1
DA:3,1
DA:6,1
DA:9,1
DA:12,1
DA:15,1
DA:18,1
DA:21,1
DA:24,1
DA:27,1
LF:10
LH:10
BRF:0
BRH:0
end_of_record
TN:
SF:src\lib\lawyer\lawyer.ts
FNF:0
FNH:0
DA:1,1
DA:5,1
DA:7,1
DA:9,1
DA:14,1
DA:19,1
DA:24,1
DA:29,1
DA:32,1
DA:35,1
DA:38,1
LF:11
LH:11
BRF:0
BRH:0
end_of_record
TN:
SF:src\lib\user\user.ts
FNF:0
FNH:0
DA:1,1
DA:3,1
DA:5,1
DA:8,1
DA:11,1
DA:14,1
DA:17,1
DA:20,1
DA:23,1
DA:26,1
LF:10
LH:10
BRF:0
BRH:0
end_of_record
